Log file open, 12/05/22 18:40:25
LogWindows: Failed to load 'aqProf.dll' (GetLastError=126)
LogWindows: File 'aqProf.dll' does not exist
LogWindows: Failed to load 'VtuneApi.dll' (GetLastError=126)
LogWindows: File 'VtuneApi.dll' does not exist
LogWindows: Failed to load 'VtuneApi32e.dll' (GetLastError=126)
LogWindows: File 'VtuneApi32e.dll' does not exist
LogConsoleResponse: Display: Failed to find resolution value strings in scalability ini. Falling back to default.
LogConsoleResponse: Display: Failed to find resolution value strings in scalability ini. Falling back to default.
LogInit: Display: Running engine for game: igm
LogPlatformFile: Not using cached read wrapper
LogTaskGraph: Started task graph with 5 named threads and 35 total threads with 3 sets of task threads.
LogStats: Stats thread started at 0.213881
LogICUInternationalization: ICU TimeZone Detection - Raw Offset: -8:00, Platform Override: ''
LogInit: Display: Loading text-based GConfig....
LogPluginManager: Mounting plugin MeshPainting
LogPluginManager: Mounting plugin XGEController
LogPluginManager: Mounting plugin Paper2D
LogPluginManager: Mounting plugin LiveLink
LogPluginManager: Mounting plugin AISupport
LogPluginManager: Mounting plugin EnvironmentQueryEditor
LogPluginManager: Mounting plugin CameraShakePreviewer
LogPluginManager: Mounting plugin GameplayCameras
LogPluginManager: Mounting plugin LightPropagationVolume
LogPluginManager: Mounting plugin AssetManagerEditor
LogPluginManager: Mounting plugin DatasmithContent
LogPluginManager: Mounting plugin CryptoKeys
LogPluginManager: Mounting plugin CurveEditorTools
LogPluginManager: Mounting plugin DataValidation
LogPluginManager: Mounting plugin VariantManagerContent
LogPluginManager: Mounting plugin FacialAnimation
LogPluginManager: Mounting plugin MacGraphicsSwitching
LogPluginManager: Mounting plugin GameplayTagsEditor
LogPluginManager: Mounting plugin MobileLauncherProfileWizard
LogPluginManager: Mounting plugin GeometryMode
LogPluginManager: Mounting plugin PluginBrowser
LogPluginManager: Mounting plugin MaterialAnalyzer
LogPluginManager: Mounting plugin SpeedTreeImporter
LogPluginManager: Mounting plugin CLionSourceCodeAccess
LogPluginManager: Mounting plugin AnimationSharing
LogPluginManager: Mounting plugin CodeLiteSourceCodeAccess
LogPluginManager: Mounting plugin GitSourceControl
LogPluginManager: Mounting plugin KDevelopSourceCodeAccess
LogPluginManager: Mounting plugin NullSourceCodeAccess
LogPluginManager: Mounting plugin PixWinPlugin
LogPluginManager: Mounting plugin PerforceSourceControl
LogPluginManager: Mounting plugin PlasticSourceControl
LogPluginManager: Mounting plugin PluginUtils
LogPluginManager: Mounting plugin RiderSourceCodeAccess
LogPluginManager: Mounting plugin SubversionSourceControl
LogPluginManager: Mounting plugin PropertyAccessNode
LogPluginManager: Mounting plugin TextureFormatOodle
LogPluginManager: Mounting plugin UObjectPlugin
LogPluginManager: Mounting plugin VisualStudioSourceCodeAccess
LogPluginManager: Mounting plugin XCodeSourceCodeAccess
LogPluginManager: Mounting plugin VisualStudioCodeSourceCodeAccess
LogPluginManager: Mounting plugin Niagara
LogPluginManager: Mounting plugin LuminPlatformFeatures
LogPluginManager: Mounting plugin MagicLeap
LogPluginManager: Mounting plugin MagicLeapLightEstimation
LogPluginManager: Mounting plugin MagicLeapMedia
LogPluginManager: Mounting plugin MagicLeapPassableWorld
LogPluginManager: Mounting plugin MLSDK
LogPluginManager: Mounting plugin AlembicImporter
LogPluginManager: Mounting plugin AutomationUtils
LogPluginManager: Mounting plugin BackChannel
LogPluginManager: Mounting plugin ChaosCloth
LogPluginManager: Mounting plugin ChaosEditor
LogPluginManager: Mounting plugin ChaosClothEditor
LogPluginManager: Mounting plugin ChaosNiagara
LogPluginManager: Mounting plugin ChaosSolverPlugin
LogPluginManager: Mounting plugin CharacterAI
LogPluginManager: Mounting plugin GeometryCache
LogPluginManager: Mounting plugin GeometryCollectionPlugin
LogPluginManager: Mounting plugin TypewriterPlugin
LogPluginManager: Mounting plugin AndroidMedia
LogPluginManager: Mounting plugin AvfMedia
LogPluginManager: Mounting plugin ImgMedia
LogPluginManager: Mounting plugin MediaCompositing
LogPluginManager: Mounting plugin MediaPlayerEditor
LogPluginManager: Mounting plugin GeometryProcessing
LogPluginManager: Mounting plugin WebMMedia
LogPluginManager: Mounting plugin WmfMedia
LogPluginManager: Mounting plugin MotoSynth
LogPluginManager: Mounting plugin OpenImageDenoise
LogPluginManager: Mounting plugin PlanarCut
LogPluginManager: Mounting plugin PlatformCrypto
LogPluginManager: Mounting plugin ProxyLODPlugin
LogPluginManager: Mounting plugin PythonScriptPlugin
LogPluginManager: Mounting plugin SkeletalReduction
LogPluginManager: Mounting plugin ActorSequence
LogPluginManager: Mounting plugin TcpMessaging
LogPluginManager: Mounting plugin MatineeToLevelSequence
LogPluginManager: Mounting plugin UdpMessaging
LogPluginManager: Mounting plugin LevelSequenceEditor
LogPluginManager: Mounting plugin LauncherChunkInstaller
LogPluginManager: Mounting plugin TemplateSequence
LogPluginManager: Mounting plugin OnlineSubsystem
LogPluginManager: Mounting plugin OnlineSubsystemNull
LogPluginManager: Mounting plugin OnlineSubsystemUtils
LogPluginManager: Mounting plugin ActorLayerUtilities
LogPluginManager: Mounting plugin AndroidDeviceProfileSelector
LogPluginManager: Mounting plugin AndroidMoviePlayer
LogPluginManager: Mounting plugin AndroidPermission
LogPluginManager: Mounting plugin AppleImageUtils
LogPluginManager: Mounting plugin AppleMoviePlayer
LogPluginManager: Mounting plugin AssetTags
LogPluginManager: Mounting plugin AudioCapture
LogPluginManager: Mounting plugin ArchVisCharacter
LogPluginManager: Mounting plugin AudioSynesthesia
LogPluginManager: Mounting plugin CableComponent
LogPluginManager: Mounting plugin ChunkDownloader
LogPluginManager: Mounting plugin EditableMesh
LogPluginManager: Mounting plugin CustomMeshComponent
LogPluginManager: Mounting plugin GooglePAD
LogPluginManager: Mounting plugin GoogleCloudMessaging
LogPluginManager: Mounting plugin ExampleDeviceProfileSelector
LogPluginManager: Mounting plugin LinuxDeviceProfileSelector
LogPluginManager: Mounting plugin LocationServicesBPLibrary
LogPluginManager: Mounting plugin IOSDeviceProfileSelector
LogPluginManager: Mounting plugin MobilePatchingUtils
LogPluginManager: Mounting plugin OpenXR
LogPluginManager: Mounting plugin OpenXREyeTracker
LogPluginManager: Mounting plugin OpenXRHandTracking
LogPluginManager: Mounting plugin ScreenshotTools
LogPluginManager: Mounting plugin PhysXVehicles
LogPluginManager: Mounting plugin PostSplashScreen
LogPluginManager: Mounting plugin SignificanceManager
LogPluginManager: Mounting plugin RuntimePhysXCooking
LogPluginManager: Mounting plugin PropertyAccessEditor
LogPluginManager: Mounting plugin ProceduralMeshComponent
LogPluginManager: Mounting plugin SoundFields
LogPluginManager: Mounting plugin Synthesis
LogPluginManager: Mounting plugin WebMMoviePlayer
LogPluginManager: Mounting plugin WindowsMoviePlayer
LogPluginManager: Mounting plugin Takes
LogPluginManager: Mounting plugin OodleData
LogPluginManager: Mounting plugin OodleNetwork
LogPluginManager: Mounting plugin ContentBrowserAssetDataSource
LogPluginManager: Mounting plugin ContentBrowserFileDataSource
LogPluginManager: Mounting plugin ContentBrowserClassDataSource
LogPluginManager: Mounting plugin OnlineSubsystemGooglePlay
LogPluginManager: Mounting plugin OnlineSubsystemIOS
LogPluginManager: Mounting plugin OculusVR
LogPluginManager: Mounting plugin SteamVR
PixWinPlugin: PIX capture plugin failed to initialize! Check that the process is launched from PIX.
LogInit: Using libcurl 7.55.1-DEV
LogInit:  - built for x86_64-pc-win32
LogInit:  - supports SSL with OpenSSL/1.1.1
LogInit:  - supports HTTP deflate (compression) using libz 1.2.8
LogInit:  - other features:
LogInit:      CURL_VERSION_SSL
LogInit:      CURL_VERSION_LIBZ
LogInit:      CURL_VERSION_IPV6
LogInit:      CURL_VERSION_ASYNCHDNS
LogInit:      CURL_VERSION_LARGEFILE
LogInit:      CURL_VERSION_IDN
LogInit:  CurlRequestOptions (configurable via config and command line):
LogInit:  - bVerifyPeer = true  - Libcurl will verify peer certificate
LogInit:  - bUseHttpProxy = false  - Libcurl will NOT use HTTP proxy
LogInit:  - bDontReuseConnections = false  - Libcurl will reuse connections
LogInit:  - MaxHostConnections = 16  - Libcurl will limit the number of connections to a host
LogInit:  - LocalHostAddr = Default
LogInit:  - BufferSize = 65536
LogOnline: OSS: Creating online subsystem instance for: NULL
LogInit: WinSock: version 1.1 (2.2), MaxSocks=32767, MaxUdp=65467
LogOnline: OSS: TryLoadSubsystemAndSetDefault: Loaded subsystem for module [NULL]
LogOculusPluginWrapper: OculusPlugin initialized successfully
LogHMD: Failed initializing OVRPlugin 1.59.0
LogInit: Build: ++UE4+Release-4.27-CL-18319896
LogInit: Engine Version: 4.27.2-18319896+++UE4+Release-4.27
LogInit: Compatible Engine Version: 4.27.0-17155196+++UE4+Release-4.27
LogInit: Net CL: 17155196
LogInit: OS: Windows 10 (Release 2009) (), CPU: Intel(R) Core(TM) i5-10400F CPU @ 2.90GHz, GPU: NVIDIA GeForce RTX 3070
LogInit: Compiled (64-bit): Nov 30 2021 07:12:08
LogInit: Compiled with Visual C++: 19.24.28315.00
LogInit: Build Configuration: Development
LogInit: Branch Name: ++UE4+Release-4.27
LogInit: Command Line: 
LogInit: Base Directory: C:/Program Files/Epic Games/UE_4.27/Engine/Binaries/Win64/
LogInit: Allocator: TBB
LogInit: Installed Engine Build: 1
LogDevObjectVersion: Number of dev versions registered: 29
LogDevObjectVersion:   Dev-Blueprints (B0D832E4-1F89-4F0D-ACCF-7EB736FD4AA2): 10
LogDevObjectVersion:   Dev-Build (E1C64328-A22C-4D53-A36C-8E866417BD8C): 0
LogDevObjectVersion:   Dev-Core (375EC13C-06E4-48FB-B500-84F0262A717E): 4
LogDevObjectVersion:   Dev-Editor (E4B068ED-F494-42E9-A231-DA0B2E46BB41): 40
LogDevObjectVersion:   Dev-Framework (CFFC743F-43B0-4480-9391-14DF171D2073): 37
LogDevObjectVersion:   Dev-Mobile (B02B49B5-BB20-44E9-A304-32B752E40360): 3
LogDevObjectVersion:   Dev-Networking (A4E4105C-59A1-49B5-A7C5-40C4547EDFEE): 0
LogDevObjectVersion:   Dev-Online (39C831C9-5AE6-47DC-9A44-9C173E1C8E7C): 0
LogDevObjectVersion:   Dev-Physics (78F01B33-EBEA-4F98-B9B4-84EACCB95AA2): 14
LogDevObjectVersion:   Dev-Platform (6631380F-2D4D-43E0-8009-CF276956A95A): 0
LogDevObjectVersion:   Dev-Rendering (12F88B9F-8875-4AFC-A67C-D90C383ABD29): 45
LogDevObjectVersion:   Dev-Sequencer (7B5AE74C-D270-4C10-A958-57980B212A5A): 13
LogDevObjectVersion:   Dev-VR (D7296918-1DD6-4BDD-9DE2-64A83CC13884): 3
LogDevObjectVersion:   Dev-LoadTimes (C2A15278-BFE7-4AFE-6C17-90FF531DF755): 1
LogDevObjectVersion:   Private-Geometry (6EACA3D4-40EC-4CC1-B786-8BED09428FC5): 3
LogDevObjectVersion:   Dev-AnimPhys (29E575DD-E0A3-4627-9D10-D276232CDCEA): 17
LogDevObjectVersion:   Dev-Anim (AF43A65D-7FD3-4947-9873-3E8ED9C1BB05): 15
LogDevObjectVersion:   Dev-ReflectionCapture (6B266CEC-1EC7-4B8F-A30B-E4D90942FC07): 1
LogDevObjectVersion:   Dev-Automation (0DF73D61-A23F-47EA-B727-89E90C41499A): 1
LogDevObjectVersion:   FortniteMain (601D1886-AC64-4F84-AA16-D3DE0DEAC7D6): 47
LogDevObjectVersion:   FortniteRelease (E7086368-6B23-4C58-8439-1B7016265E91): 1
LogDevObjectVersion:   Dev-Enterprise (9DFFBCD6-494F-0158-E221-12823C92A888): 10
LogDevObjectVersion:   Dev-Niagara (F2AED0AC-9AFE-416F-8664-AA7FFA26D6FC): 1
LogDevObjectVersion:   Dev-Destruction (174F1F0B-B4C6-45A5-B13F-2EE8D0FB917D): 10
LogDevObjectVersion:   Dev-Physics-Ext (35F94A83-E258-406C-A318-09F59610247C): 41
LogDevObjectVersion:   Dev-PhysicsMaterial-Chaos (B68FC16E-8B1B-42E2-B453-215C058844FE): 1
LogDevObjectVersion:   Dev-CineCamera (B2E18506-4273-CFC2-A54E-F4BB758BBA07): 1
LogDevObjectVersion:   Dev-VirtualProduction (64F58936-FD1B-42BA-BA96-7289D5D0FA4E): 1
LogDevObjectVersion:   Dev-MediaFramework (6F0ED827-A609-4895-9C91-998D90180EA4): 2
LogInit: Presizing for max 25165824 objects, including 0 objects not considered by GC, pre-allocating 0 bytes for permanent pool.
LogConfig: Applying CVar settings from Section [/Script/Engine.StreamingSettings] File [C:/Users/venat/OneDrive/Documents/GITHUB CLONE REPO/igm/igm/Saved/Config/Windows/Engine.ini]
LogConfig: Setting CVar [[s.MinBulkDataSizeForAsyncLoading:131072]]
LogConfig: Setting CVar [[s.AsyncLoadingThreadEnabled:0]]
LogConfig: Setting CVar [[s.EventDrivenLoaderEnabled:1]]
LogConfig: Setting CVar [[s.WarnIfTimeLimitExceeded:0]]
LogConfig: Setting CVar [[s.TimeLimitExceededMultiplier:1.5]]
LogConfig: Setting CVar [[s.TimeLimitExceededMinTime:0.005]]
LogConfig: Setting CVar [[s.UseBackgroundLevelStreaming:1]]
LogConfig: Setting CVar [[s.PriorityAsyncLoadingExtraTime:15.0]]
LogConfig: Setting CVar [[s.LevelStreamingActorsUpdateTimeLimit:5.0]]
LogConfig: Setting CVar [[s.PriorityLevelStreamingActorsUpdateExtraTime:5.0]]
LogConfig: Setting CVar [[s.LevelStreamingComponentsRegistrationGranularity:10]]
LogConfig: Setting CVar [[s.UnregisterComponentsTimeLimit:1.0]]
LogConfig: Setting CVar [[s.LevelStreamingComponentsUnregistrationGranularity:5]]
LogConfig: Setting CVar [[s.FlushStreamingOnExit:1]]
LogInit: Object subsystem initialized
LogConfig: Setting CVar [[con.DebugEarlyDefault:1]]
LogConfig: Setting CVar [[r.setres:1280x720]]
[2022.12.06-02.40.25:922][  0]LogConfig: Setting CVar [[r.VSync:0]]
[2022.12.06-02.40.25:922][  0]LogConfig: Setting CVar [[r.RHICmdBypass:0]]
[2022.12.06-02.40.25:922][  0]LogConfig: Applying CVar settings from Section [/Script/Engine.RendererSettings] File [C:/Users/venat/OneDrive/Documents/GITHUB CLONE REPO/igm/igm/Saved/Config/Windows/Engine.ini]
[2022.12.06-02.40.25:922][  0]LogConfig: Setting CVar [[r.GPUCrashDebugging:0]]
[2022.12.06-02.40.25:922][  0]LogConfig: Applying CVar settings from Section [/Script/Engine.RendererOverrideSettings] File [C:/Users/venat/OneDrive/Documents/GITHUB CLONE REPO/igm/igm/Saved/Config/Windows/Engine.ini]
[2022.12.06-02.40.25:922][  0]LogConfig: Applying CVar settings from Section [/Script/Engine.StreamingSettings] File [C:/Users/venat/OneDrive/Documents/GITHUB CLONE REPO/igm/igm/Saved/Config/Windows/Engine.ini]
[2022.12.06-02.40.25:922][  0]LogConfig: Setting CVar [[s.MinBulkDataSizeForAsyncLoading:131072]]
[2022.12.06-02.40.25:922][  0]LogConfig: Setting CVar [[s.AsyncLoadingThreadEnabled:0]]
[2022.12.06-02.40.25:922][  0]LogConfig: Setting CVar [[s.EventDrivenLoaderEnabled:1]]
[2022.12.06-02.40.25:922][  0]LogConfig: Setting CVar [[s.WarnIfTimeLimitExceeded:0]]
[2022.12.06-02.40.25:922][  0]LogConfig: Setting CVar [[s.TimeLimitExceededMultiplier:1.5]]
[2022.12.06-02.40.25:922][  0]LogConfig: Setting CVar [[s.TimeLimitExceededMinTime:0.005]]
[2022.12.06-02.40.25:922][  0]LogConfig: Setting CVar [[s.UseBackgroundLevelStreaming:1]]
[2022.12.06-02.40.25:922][  0]LogConfig: Setting CVar [[s.PriorityAsyncLoadingExtraTime:15.0]]
[2022.12.06-02.40.25:922][  0]LogConfig: Setting CVar [[s.LevelStreamingActorsUpdateTimeLimit:5.0]]
[2022.12.06-02.40.25:922][  0]LogConfig: Setting CVar [[s.PriorityLevelStreamingActorsUpdateExtraTime:5.0]]
[2022.12.06-02.40.25:922][  0]LogConfig: Setting CVar [[s.LevelStreamingComponentsRegistrationGranularity:10]]
[2022.12.06-02.40.25:922][  0]LogConfig: Setting CVar [[s.UnregisterComponentsTimeLimit:1.0]]
[2022.12.06-02.40.25:922][  0]LogConfig: Setting CVar [[s.LevelStreamingComponentsUnregistrationGranularity:5]]
[2022.12.06-02.40.25:922][  0]LogConfig: Setting CVar [[s.FlushStreamingOnExit:1]]
[2022.12.06-02.40.25:922][  0]LogConfig: Applying CVar settings from Section [/Script/Engine.GarbageCollectionSettings] File [C:/Users/venat/OneDrive/Documents/GITHUB CLONE REPO/igm/igm/Saved/Config/Windows/Engine.ini]
[2022.12.06-02.40.25:922][  0]LogConfig: Setting CVar [[gc.MaxObjectsNotConsideredByGC:1]]
[2022.12.06-02.40.25:922][  0]LogConfig: Setting CVar [[gc.SizeOfPermanentObjectPool:0]]
[2022.12.06-02.40.25:922][  0]LogConfig: Setting CVar [[gc.FlushStreamingOnGC:0]]
[2022.12.06-02.40.25:922][  0]LogConfig: Setting CVar [[gc.NumRetriesBeforeForcingGC:10]]
[2022.12.06-02.40.25:922][  0]LogConfig: Setting CVar [[gc.AllowParallelGC:1]]
[2022.12.06-02.40.25:922][  0]LogConfig: Setting CVar [[gc.TimeBetweenPurgingPendingKillObjects:61.1]]
[2022.12.06-02.40.25:922][  0]LogConfig: Setting CVar [[gc.MaxObjectsInEditor:25165824]]
[2022.12.06-02.40.25:922][  0]LogConfig: Setting CVar [[gc.IncrementalBeginDestroyEnabled:1]]
[2022.12.06-02.40.25:922][  0]LogConfig: Setting CVar [[gc.CreateGCClusters:1]]
[2022.12.06-02.40.25:922][  0]LogConfig: Setting CVar [[gc.MinGCClusterSize:5]]
[2022.12.06-02.40.25:922][  0]LogConfig: Setting CVar [[gc.ActorClusteringEnabled:0]]
[2022.12.06-02.40.25:922][  0]LogConfig: Setting CVar [[gc.BlueprintClusteringEnabled:0]]
[2022.12.06-02.40.25:922][  0]LogConfig: Setting CVar [[gc.UseDisregardForGCOnDedicatedServers:0]]
[2022.12.06-02.40.25:922][  0]LogConfig: Setting CVar [[gc.MultithreadedDestructionEnabled:1]]
[2022.12.06-02.40.25:922][  0]LogConfig: Applying CVar settings from Section [/Script/Engine.NetworkSettings] File [C:/Users/venat/OneDrive/Documents/GITHUB CLONE REPO/igm/igm/Saved/Config/Windows/Engine.ini]
[2022.12.06-02.40.25:922][  0]LogConfig: Applying CVar settings from Section [/Script/UnrealEd.CookerSettings] File [C:/Users/venat/OneDrive/Documents/GITHUB CLONE REPO/igm/igm/Saved/Config/Windows/Engine.ini]
[2022.12.06-02.40.25:941][  0]LogConfig: Applying CVar settings from Section [ViewDistanceQuality@3] File [C:/Users/venat/OneDrive/Documents/GITHUB CLONE REPO/igm/igm/Saved/Config/Windows/Scalability.ini]
[2022.12.06-02.40.25:941][  0]LogConfig: Setting CVar [[r.SkeletalMeshLODBias:0]]
[2022.12.06-02.40.25:941][  0]LogConfig: Setting CVar [[r.ViewDistanceScale:1.0]]
[2022.12.06-02.40.25:941][  0]LogConfig: Applying CVar settings from Section [AntiAliasingQuality@3] File [C:/Users/venat/OneDrive/Documents/GITHUB CLONE REPO/igm/igm/Saved/Config/Windows/Scalability.ini]
[2022.12.06-02.40.25:941][  0]LogConfig: Setting CVar [[r.PostProcessAAQuality:4]]
[2022.12.06-02.40.25:941][  0]LogConfig: Applying CVar settings from Section [ShadowQuality@3] File [C:/Users/venat/OneDrive/Documents/GITHUB CLONE REPO/igm/igm/Saved/Config/Windows/Scalability.ini]
[2022.12.06-02.40.25:941][  0]LogConfig: Setting CVar [[r.LightFunctionQuality:1]]
[2022.12.06-02.40.25:941][  0]LogConfig: Setting CVar [[r.ShadowQuality:5]]
[2022.12.06-02.40.25:941][  0]LogConfig: Setting CVar [[r.Shadow.CSM.MaxCascades:10]]
[2022.12.06-02.40.25:941][  0]LogConfig: Setting CVar [[r.Shadow.MaxResolution:2048]]
[2022.12.06-02.40.25:941][  0]LogConfig: Setting CVar [[r.Shadow.MaxCSMResolution:2048]]
[2022.12.06-02.40.25:941][  0]LogConfig: Setting CVar [[r.Shadow.RadiusThreshold:0.01]]
[2022.12.06-02.40.25:941][  0]LogConfig: Setting CVar [[r.Shadow.DistanceScale:1.0]]
[2022.12.06-02.40.25:941][  0]LogConfig: Setting CVar [[r.Shadow.CSM.TransitionScale:1.0]]
[2022.12.06-02.40.25:941][  0]LogConfig: Setting CVar [[r.Shadow.PreShadowResolutionFactor:1.0]]
[2022.12.06-02.40.25:941][  0]LogConfig: Setting CVar [[r.DistanceFieldShadowing:1]]
[2022.12.06-02.40.25:942][  0]LogConfig: Setting CVar [[r.DistanceFieldAO:1]]
[2022.12.06-02.40.25:942][  0]LogConfig: Setting CVar [[r.AOQuality:2]]
[2022.12.06-02.40.25:942][  0]LogConfig: Setting CVar [[r.VolumetricFog:1]]
[2022.12.06-02.40.25:942][  0]LogConfig: Setting CVar [[r.VolumetricFog.GridPixelSize:8]]
[2022.12.06-02.40.25:942][  0]LogConfig: Setting CVar [[r.VolumetricFog.GridSizeZ:128]]
[2022.12.06-02.40.25:942][  0]LogConfig: Setting CVar [[r.VolumetricFog.HistoryMissSupersampleCount:4]]
[2022.12.06-02.40.25:942][  0]LogConfig: Setting CVar [[r.LightMaxDrawDistanceScale:1]]
[2022.12.06-02.40.25:942][  0]LogConfig: Setting CVar [[r.CapsuleShadows:1]]
[2022.12.06-02.40.25:942][  0]LogConfig: Applying CVar settings from Section [PostProcessQuality@3] File [C:/Users/venat/OneDrive/Documents/GITHUB CLONE REPO/igm/igm/Saved/Config/Windows/Scalability.ini]
[2022.12.06-02.40.25:942][  0]LogConfig: Setting CVar [[r.MotionBlurQuality:4]]
[2022.12.06-02.40.25:942][  0]LogConfig: Setting CVar [[r.AmbientOcclusionMipLevelFactor:0.4]]
[2022.12.06-02.40.25:942][  0]LogConfig: Setting CVar [[r.AmbientOcclusionMaxQuality:100]]
[2022.12.06-02.40.25:942][  0]LogConfig: Setting CVar [[r.AmbientOcclusionLevels:-1]]
[2022.12.06-02.40.25:942][  0]LogConfig: Setting CVar [[r.AmbientOcclusionRadiusScale:1.0]]
[2022.12.06-02.40.25:942][  0]LogConfig: Setting CVar [[r.DepthOfFieldQuality:2]]
[2022.12.06-02.40.25:942][  0]LogConfig: Setting CVar [[r.RenderTargetPoolMin:400]]
[2022.12.06-02.40.25:942][  0]LogConfig: Setting CVar [[r.LensFlareQuality:2]]
[2022.12.06-02.40.25:942][  0]LogConfig: Setting CVar [[r.SceneColorFringeQuality:1]]
[2022.12.06-02.40.25:942][  0]LogConfig: Setting CVar [[r.EyeAdaptationQuality:2]]
[2022.12.06-02.40.25:942][  0]LogConfig: Setting CVar [[r.BloomQuality:5]]
[2022.12.06-02.40.25:942][  0]LogConfig: Setting CVar [[r.FastBlurThreshold:100]]
[2022.12.06-02.40.25:942][  0]LogConfig: Setting CVar [[r.Upscale.Quality:3]]
[2022.12.06-02.40.25:942][  0]LogConfig: Setting CVar [[r.Tonemapper.GrainQuantization:1]]
[2022.12.06-02.40.25:942][  0]LogConfig: Setting CVar [[r.LightShaftQuality:1]]
[2022.12.06-02.40.25:942][  0]LogConfig: Setting CVar [[r.Filter.SizeScale:1]]
[2022.12.06-02.40.25:942][  0]LogConfig: Setting CVar [[r.Tonemapper.Quality:5]]
[2022.12.06-02.40.25:942][  0]LogConfig: Setting CVar [[r.DOF.Gather.AccumulatorQuality:1        ; higher gathering accumulator quality]]
[2022.12.06-02.40.25:942][  0]LogConfig: Setting CVar [[r.DOF.Gather.PostfilterMethod:1          ; Median3x3 postfilering method]]
[2022.12.06-02.40.25:942][  0]LogConfig: Setting CVar [[r.DOF.Gather.EnableBokehSettings:0       ; no bokeh simulation when gathering]]
[2022.12.06-02.40.25:942][  0]LogConfig: Setting CVar [[r.DOF.Gather.RingCount:4                 ; medium number of samples when gathering]]
[2022.12.06-02.40.25:942][  0]LogConfig: Setting CVar [[r.DOF.Scatter.ForegroundCompositing:1    ; additive foreground scattering]]
[2022.12.06-02.40.25:942][  0]LogConfig: Setting CVar [[r.DOF.Scatter.BackgroundCompositing:2    ; additive background scattering]]
[2022.12.06-02.40.25:942][  0]LogConfig: Setting CVar [[r.DOF.Scatter.EnableBokehSettings:1      ; bokeh simulation when scattering]]
[2022.12.06-02.40.25:942][  0]LogConfig: Setting CVar [[r.DOF.Scatter.MaxSpriteRatio:0.1         ; only a maximum of 10% of scattered bokeh]]
[2022.12.06-02.40.25:942][  0]LogConfig: Setting CVar [[r.DOF.Recombine.Quality:1                ; cheap slight out of focus]]
[2022.12.06-02.40.25:942][  0]LogConfig: Setting CVar [[r.DOF.Recombine.EnableBokehSettings:0    ; no bokeh simulation on slight out of focus]]
[2022.12.06-02.40.25:942][  0]LogConfig: Setting CVar [[r.DOF.TemporalAAQuality:1                ; more stable temporal accumulation]]
[2022.12.06-02.40.25:942][  0]LogConfig: Setting CVar [[r.DOF.Kernel.MaxForegroundRadius:0.025]]
[2022.12.06-02.40.25:942][  0]LogConfig: Setting CVar [[r.DOF.Kernel.MaxBackgroundRadius:0.025]]
[2022.12.06-02.40.25:942][  0]LogConfig: Applying CVar settings from Section [TextureQuality@3] File [C:/Users/venat/OneDrive/Documents/GITHUB CLONE REPO/igm/igm/Saved/Config/Windows/Scalability.ini]
[2022.12.06-02.40.25:942][  0]LogConfig: Setting CVar [[r.Streaming.MipBias:0]]
[2022.12.06-02.40.25:942][  0]LogConfig: Setting CVar [[r.Streaming.AmortizeCPUToGPUCopy:0]]
[2022.12.06-02.40.25:942][  0]LogConfig: Setting CVar [[r.Streaming.MaxNumTexturesToStreamPerFrame:0]]
[2022.12.06-02.40.25:942][  0]LogConfig: Setting CVar [[r.Streaming.Boost:1]]
[2022.12.06-02.40.25:942][  0]LogConfig: Setting CVar [[r.MaxAnisotropy:8]]
[2022.12.06-02.40.25:942][  0]LogConfig: Setting CVar [[r.VT.MaxAnisotropy:8]]
[2022.12.06-02.40.25:942][  0]LogConfig: Setting CVar [[r.Streaming.LimitPoolSizeToVRAM:0]]
[2022.12.06-02.40.25:942][  0]LogConfig: Setting CVar [[r.Streaming.PoolSize:1000]]
[2022.12.06-02.40.25:942][  0]LogConfig: Setting CVar [[r.Streaming.MaxEffectiveScreenSize:0]]
[2022.12.06-02.40.25:942][  0]LogConfig: Applying CVar settings from Section [EffectsQuality@3] File [C:/Users/venat/OneDrive/Documents/GITHUB CLONE REPO/igm/igm/Saved/Config/Windows/Scalability.ini]
[2022.12.06-02.40.25:942][  0]LogConfig: Setting CVar [[r.TranslucencyLightingVolumeDim:64]]
[2022.12.06-02.40.25:942][  0]LogConfig: Setting CVar [[r.RefractionQuality:2]]
[2022.12.06-02.40.25:942][  0]LogConfig: Setting CVar [[r.SSR.Quality:3]]
[2022.12.06-02.40.25:942][  0]LogConfig: Setting CVar [[r.SSR.HalfResSceneColor:0]]
[2022.12.06-02.40.25:942][  0]LogConfig: Setting CVar [[r.SceneColorFormat:4]]
[2022.12.06-02.40.25:942][  0]LogConfig: Setting CVar [[r.DetailMode:2]]
[2022.12.06-02.40.25:942][  0]LogConfig: Setting CVar [[r.TranslucencyVolumeBlur:1]]
[2022.12.06-02.40.25:942][  0]LogConfig: Setting CVar [[r.MaterialQualityLevel:1 ; High quality]]
[2022.12.06-02.40.25:942][  0]LogConfig: Setting CVar [[r.AnisotropicMaterials:1]]
[2022.12.06-02.40.25:942][  0]LogConfig: Setting CVar [[r.SSS.Scale:1]]
[2022.12.06-02.40.25:942][  0]LogConfig: Setting CVar [[r.SSS.SampleSet:2]]
[2022.12.06-02.40.25:942][  0]LogConfig: Setting CVar [[r.SSS.Quality:1]]
[2022.12.06-02.40.25:942][  0]LogConfig: Setting CVar [[r.SSS.HalfRes:0]]
[2022.12.06-02.40.25:942][  0]LogConfig: Setting CVar [[r.SSGI.Quality:3]]
[2022.12.06-02.40.25:942][  0]LogConfig: Setting CVar [[r.EmitterSpawnRateScale:1.0]]
[2022.12.06-02.40.25:942][  0]LogConfig: Setting CVar [[r.ParticleLightQuality:2]]
[2022.12.06-02.40.25:942][  0]LogConfig: Setting CVar [[r.SkyAtmosphere.AerialPerspectiveLUT.FastApplyOnOpaque:1 ; Always have FastSkyLUT 1 in this case to avoid wrong sky]]
[2022.12.06-02.40.25:942][  0]LogConfig: Setting CVar [[r.SkyAtmosphere.AerialPerspectiveLUT.SampleCountMaxPerSlice:4]]
[2022.12.06-02.40.25:942][  0]LogConfig: Setting CVar [[r.SkyAtmosphere.AerialPerspectiveLUT.DepthResolution:16.0]]
[2022.12.06-02.40.25:942][  0]LogConfig: Setting CVar [[r.SkyAtmosphere.FastSkyLUT:1]]
[2022.12.06-02.40.25:942][  0]LogConfig: Setting CVar [[r.SkyAtmosphere.FastSkyLUT.SampleCountMin:4.0]]
[2022.12.06-02.40.25:942][  0]LogConfig: Setting CVar [[r.SkyAtmosphere.FastSkyLUT.SampleCountMax:128.0]]
[2022.12.06-02.40.25:942][  0]LogConfig: Setting CVar [[r.SkyAtmosphere.SampleCountMin:4.0]]
[2022.12.06-02.40.25:942][  0]LogConfig: Setting CVar [[r.SkyAtmosphere.SampleCountMax:128.0]]
[2022.12.06-02.40.25:942][  0]LogConfig: Setting CVar [[r.SkyAtmosphere.TransmittanceLUT.UseSmallFormat:0]]
[2022.12.06-02.40.25:942][  0]LogConfig: Setting CVar [[r.SkyAtmosphere.TransmittanceLUT.SampleCount:10.0]]
[2022.12.06-02.40.25:942][  0]LogConfig: Setting CVar [[r.SkyAtmosphere.MultiScatteringLUT.SampleCount:15.0]]
[2022.12.06-02.40.25:942][  0]LogConfig: Setting CVar [[r.SkyLight.RealTimeReflectionCapture:1]]
[2022.12.06-02.40.25:942][  0]LogConfig: Applying CVar settings from Section [FoliageQuality@3] File [C:/Users/venat/OneDrive/Documents/GITHUB CLONE REPO/igm/igm/Saved/Config/Windows/Scalability.ini]
[2022.12.06-02.40.25:942][  0]LogConfig: Setting CVar [[foliage.DensityScale:1.0]]
[2022.12.06-02.40.25:942][  0]LogConfig: Setting CVar [[grass.DensityScale:1.0]]
[2022.12.06-02.40.25:942][  0]LogConfig: Applying CVar settings from Section [ShadingQuality@3] File [C:/Users/venat/OneDrive/Documents/GITHUB CLONE REPO/igm/igm/Saved/Config/Windows/Scalability.ini]
[2022.12.06-02.40.25:942][  0]LogConfig: Setting CVar [[r.HairStrands.SkyLighting.IntegrationType:2]]
[2022.12.06-02.40.25:942][  0]LogConfig: Setting CVar [[r.HairStrands.SkyAO.SampleCount:4]]
[2022.12.06-02.40.25:942][  0]LogConfig: Setting CVar [[r.HairStrands.Visibility.MSAA.SamplePerPixel:4]]
[2022.12.06-02.40.25:942][  0]LogInit: Selected Device Profile: [Windows]
[2022.12.06-02.40.25:942][  0]LogInit: Applying CVar settings loaded from the selected device profile: [Windows]
[2022.12.06-02.40.25:942][  0]LogHAL: Display: Platform has ~ 8 GB [8495116288 / 8589934592 / 8], which maps to Default [LargestMinGB=32, LargerMinGB=12, DefaultMinGB=8, SmallerMinGB=6, SmallestMinGB=0)
[2022.12.06-02.40.25:942][  0]LogInit: Going up to parent DeviceProfile []
[2022.12.06-02.40.25:942][  0]LogConfig: Applying CVar settings from Section [ViewDistanceQuality@3] File [C:/Users/venat/OneDrive/Documents/GITHUB CLONE REPO/igm/igm/Saved/Config/Windows/Scalability.ini]
[2022.12.06-02.40.25:942][  0]LogConfig: Setting CVar [[r.SkeletalMeshLODBias:0]]
[2022.12.06-02.40.25:943][  0]LogConfig: Setting CVar [[r.ViewDistanceScale:1.0]]
[2022.12.06-02.40.25:943][  0]LogConfig: Applying CVar settings from Section [AntiAliasingQuality@3] File [C:/Users/venat/OneDrive/Documents/GITHUB CLONE REPO/igm/igm/Saved/Config/Windows/Scalability.ini]
[2022.12.06-02.40.25:943][  0]LogConfig: Setting CVar [[r.PostProcessAAQuality:4]]
[2022.12.06-02.40.25:943][  0]LogConfig: Applying CVar settings from Section [ShadowQuality@3] File [C:/Users/venat/OneDrive/Documents/GITHUB CLONE REPO/igm/igm/Saved/Config/Windows/Scalability.ini]
[2022.12.06-02.40.25:943][  0]LogConfig: Setting CVar [[r.LightFunctionQuality:1]]
[2022.12.06-02.40.25:943][  0]LogConfig: Setting CVar [[r.ShadowQuality:5]]
[2022.12.06-02.40.25:943][  0]LogConfig: Setting CVar [[r.Shadow.CSM.MaxCascades:10]]
[2022.12.06-02.40.25:943][  0]LogConfig: Setting CVar [[r.Shadow.MaxResolution:2048]]
[2022.12.06-02.40.25:943][  0]LogConfig: Setting CVar [[r.Shadow.MaxCSMResolution:2048]]
[2022.12.06-02.40.25:943][  0]LogConfig: Setting CVar [[r.Shadow.RadiusThreshold:0.01]]
[2022.12.06-02.40.25:943][  0]LogConfig: Setting CVar [[r.Shadow.DistanceScale:1.0]]
[2022.12.06-02.40.25:943][  0]LogConfig: Setting CVar [[r.Shadow.CSM.TransitionScale:1.0]]
[2022.12.06-02.40.25:943][  0]LogConfig: Setting CVar [[r.Shadow.PreShadowResolutionFactor:1.0]]
[2022.12.06-02.40.25:943][  0]LogConfig: Setting CVar [[r.DistanceFieldShadowing:1]]
[2022.12.06-02.40.25:943][  0]LogConfig: Setting CVar [[r.DistanceFieldAO:1]]
[2022.12.06-02.40.25:943][  0]LogConfig: Setting CVar [[r.AOQuality:2]]
[2022.12.06-02.40.25:943][  0]LogConfig: Setting CVar [[r.VolumetricFog:1]]
[2022.12.06-02.40.25:943][  0]LogConfig: Setting CVar [[r.VolumetricFog.GridPixelSize:8]]
[2022.12.06-02.40.25:943][  0]LogConfig: Setting CVar [[r.VolumetricFog.GridSizeZ:128]]
[2022.12.06-02.40.25:943][  0]LogConfig: Setting CVar [[r.VolumetricFog.HistoryMissSupersampleCount:4]]
[2022.12.06-02.40.25:943][  0]LogConfig: Setting CVar [[r.LightMaxDrawDistanceScale:1]]
[2022.12.06-02.40.25:943][  0]LogConfig: Setting CVar [[r.CapsuleShadows:1]]
[2022.12.06-02.40.25:943][  0]LogConfig: Applying CVar settings from Section [PostProcessQuality@3] File [C:/Users/venat/OneDrive/Documents/GITHUB CLONE REPO/igm/igm/Saved/Config/Windows/Scalability.ini]
[2022.12.06-02.40.25:943][  0]LogConfig: Setting CVar [[r.MotionBlurQuality:4]]
[2022.12.06-02.40.25:943][  0]LogConfig: Setting CVar [[r.AmbientOcclusionMipLevelFactor:0.4]]
[2022.12.06-02.40.25:943][  0]LogConfig: Setting CVar [[r.AmbientOcclusionMaxQuality:100]]
[2022.12.06-02.40.25:943][  0]LogConfig: Setting CVar [[r.AmbientOcclusionLevels:-1]]
[2022.12.06-02.40.25:943][  0]LogConfig: Setting CVar [[r.AmbientOcclusionRadiusScale:1.0]]
[2022.12.06-02.40.25:943][  0]LogConfig: Setting CVar [[r.DepthOfFieldQuality:2]]
[2022.12.06-02.40.25:943][  0]LogConfig: Setting CVar [[r.RenderTargetPoolMin:400]]
[2022.12.06-02.40.25:943][  0]LogConfig: Setting CVar [[r.LensFlareQuality:2]]
[2022.12.06-02.40.25:943][  0]LogConfig: Setting CVar [[r.SceneColorFringeQuality:1]]
[2022.12.06-02.40.25:943][  0]LogConfig: Setting CVar [[r.EyeAdaptationQuality:2]]
[2022.12.06-02.40.25:943][  0]LogConfig: Setting CVar [[r.BloomQuality:5]]
[2022.12.06-02.40.25:943][  0]LogConfig: Setting CVar [[r.FastBlurThreshold:100]]
[2022.12.06-02.40.25:943][  0]LogConfig: Setting CVar [[r.Upscale.Quality:3]]
[2022.12.06-02.40.25:943][  0]LogConfig: Setting CVar [[r.Tonemapper.GrainQuantization:1]]
[2022.12.06-02.40.25:943][  0]LogConfig: Setting CVar [[r.LightShaftQuality:1]]
[2022.12.06-02.40.25:943][  0]LogConfig: Setting CVar [[r.Filter.SizeScale:1]]
[2022.12.06-02.40.25:943][  0]LogConfig: Setting CVar [[r.Tonemapper.Quality:5]]
[2022.12.06-02.40.25:943][  0]LogConfig: Setting CVar [[r.DOF.Gather.AccumulatorQuality:1        ; higher gathering accumulator quality]]
[2022.12.06-02.40.25:943][  0]LogConfig: Setting CVar [[r.DOF.Gather.PostfilterMethod:1          ; Median3x3 postfilering method]]
[2022.12.06-02.40.25:943][  0]LogConfig: Setting CVar [[r.DOF.Gather.EnableBokehSettings:0       ; no bokeh simulation when gathering]]
[2022.12.06-02.40.25:943][  0]LogConfig: Setting CVar [[r.DOF.Gather.RingCount:4                 ; medium number of samples when gathering]]
[2022.12.06-02.40.25:943][  0]LogConfig: Setting CVar [[r.DOF.Scatter.ForegroundCompositing:1    ; additive foreground scattering]]
[2022.12.06-02.40.25:943][  0]LogConfig: Setting CVar [[r.DOF.Scatter.BackgroundCompositing:2    ; additive background scattering]]
[2022.12.06-02.40.25:943][  0]LogConfig: Setting CVar [[r.DOF.Scatter.EnableBokehSettings:1      ; bokeh simulation when scattering]]
[2022.12.06-02.40.25:943][  0]LogConfig: Setting CVar [[r.DOF.Scatter.MaxSpriteRatio:0.1         ; only a maximum of 10% of scattered bokeh]]
[2022.12.06-02.40.25:943][  0]LogConfig: Setting CVar [[r.DOF.Recombine.Quality:1                ; cheap slight out of focus]]
[2022.12.06-02.40.25:943][  0]LogConfig: Setting CVar [[r.DOF.Recombine.EnableBokehSettings:0    ; no bokeh simulation on slight out of focus]]
[2022.12.06-02.40.25:943][  0]LogConfig: Setting CVar [[r.DOF.TemporalAAQuality:1                ; more stable temporal accumulation]]
[2022.12.06-02.40.25:943][  0]LogConfig: Setting CVar [[r.DOF.Kernel.MaxForegroundRadius:0.025]]
[2022.12.06-02.40.25:943][  0]LogConfig: Setting CVar [[r.DOF.Kernel.MaxBackgroundRadius:0.025]]
[2022.12.06-02.40.25:943][  0]LogConfig: Applying CVar settings from Section [TextureQuality@3] File [C:/Users/venat/OneDrive/Documents/GITHUB CLONE REPO/igm/igm/Saved/Config/Windows/Scalability.ini]
[2022.12.06-02.40.25:943][  0]LogConfig: Setting CVar [[r.Streaming.MipBias:0]]
[2022.12.06-02.40.25:943][  0]LogConfig: Setting CVar [[r.Streaming.AmortizeCPUToGPUCopy:0]]
[2022.12.06-02.40.25:943][  0]LogConfig: Setting CVar [[r.Streaming.MaxNumTexturesToStreamPerFrame:0]]
[2022.12.06-02.40.25:943][  0]LogConfig: Setting CVar [[r.Streaming.Boost:1]]
[2022.12.06-02.40.25:943][  0]LogConfig: Setting CVar [[r.MaxAnisotropy:8]]
[2022.12.06-02.40.25:943][  0]LogConfig: Setting CVar [[r.VT.MaxAnisotropy:8]]
[2022.12.06-02.40.25:943][  0]LogConfig: Setting CVar [[r.Streaming.LimitPoolSizeToVRAM:0]]
[2022.12.06-02.40.25:943][  0]LogConfig: Setting CVar [[r.Streaming.PoolSize:1000]]
[2022.12.06-02.40.25:943][  0]LogConfig: Setting CVar [[r.Streaming.MaxEffectiveScreenSize:0]]
[2022.12.06-02.40.25:943][  0]LogConfig: Applying CVar settings from Section [EffectsQuality@3] File [C:/Users/venat/OneDrive/Documents/GITHUB CLONE REPO/igm/igm/Saved/Config/Windows/Scalability.ini]
[2022.12.06-02.40.25:943][  0]LogConfig: Setting CVar [[r.TranslucencyLightingVolumeDim:64]]
[2022.12.06-02.40.25:943][  0]LogConfig: Setting CVar [[r.RefractionQuality:2]]
[2022.12.06-02.40.25:943][  0]LogConfig: Setting CVar [[r.SSR.Quality:3]]
[2022.12.06-02.40.25:943][  0]LogConfig: Setting CVar [[r.SSR.HalfResSceneColor:0]]
[2022.12.06-02.40.25:943][  0]LogConfig: Setting CVar [[r.SceneColorFormat:4]]
[2022.12.06-02.40.25:943][  0]LogConfig: Setting CVar [[r.DetailMode:2]]
[2022.12.06-02.40.25:943][  0]LogConfig: Setting CVar [[r.TranslucencyVolumeBlur:1]]
[2022.12.06-02.40.25:943][  0]LogConfig: Setting CVar [[r.MaterialQualityLevel:1 ; High quality]]
[2022.12.06-02.40.25:943][  0]LogConfig: Setting CVar [[r.AnisotropicMaterials:1]]
[2022.12.06-02.40.25:943][  0]LogConfig: Setting CVar [[r.SSS.Scale:1]]
[2022.12.06-02.40.25:943][  0]LogConfig: Setting CVar [[r.SSS.SampleSet:2]]
[2022.12.06-02.40.25:943][  0]LogConfig: Setting CVar [[r.SSS.Quality:1]]
[2022.12.06-02.40.25:943][  0]LogConfig: Setting CVar [[r.SSS.HalfRes:0]]
[2022.12.06-02.40.25:943][  0]LogConfig: Setting CVar [[r.SSGI.Quality:3]]
[2022.12.06-02.40.25:943][  0]LogConfig: Setting CVar [[r.EmitterSpawnRateScale:1.0]]
[2022.12.06-02.40.25:943][  0]LogConfig: Setting CVar [[r.ParticleLightQuality:2]]
[2022.12.06-02.40.25:943][  0]LogConfig: Setting CVar [[r.SkyAtmosphere.AerialPerspectiveLUT.FastApplyOnOpaque:1 ; Always have FastSkyLUT 1 in this case to avoid wrong sky]]
[2022.12.06-02.40.25:943][  0]LogConfig: Setting CVar [[r.SkyAtmosphere.AerialPerspectiveLUT.SampleCountMaxPerSlice:4]]
[2022.12.06-02.40.25:943][  0]LogConfig: Setting CVar [[r.SkyAtmosphere.AerialPerspectiveLUT.DepthResolution:16.0]]
[2022.12.06-02.40.25:943][  0]LogConfig: Setting CVar [[r.SkyAtmosphere.FastSkyLUT:1]]
[2022.12.06-02.40.25:943][  0]LogConfig: Setting CVar [[r.SkyAtmosphere.FastSkyLUT.SampleCountMin:4.0]]
[2022.12.06-02.40.25:943][  0]LogConfig: Setting CVar [[r.SkyAtmosphere.FastSkyLUT.SampleCountMax:128.0]]
[2022.12.06-02.40.25:943][  0]LogConfig: Setting CVar [[r.SkyAtmosphere.SampleCountMin:4.0]]
[2022.12.06-02.40.25:943][  0]LogConfig: Setting CVar [[r.SkyAtmosphere.SampleCountMax:128.0]]
[2022.12.06-02.40.25:943][  0]LogConfig: Setting CVar [[r.SkyAtmosphere.TransmittanceLUT.UseSmallFormat:0]]
[2022.12.06-02.40.25:943][  0]LogConfig: Setting CVar [[r.SkyAtmosphere.TransmittanceLUT.SampleCount:10.0]]
[2022.12.06-02.40.25:943][  0]LogConfig: Setting CVar [[r.SkyAtmosphere.MultiScatteringLUT.SampleCount:15.0]]
[2022.12.06-02.40.25:943][  0]LogConfig: Setting CVar [[r.SkyLight.RealTimeReflectionCapture:1]]
[2022.12.06-02.40.25:943][  0]LogConfig: Applying CVar settings from Section [FoliageQuality@3] File [C:/Users/venat/OneDrive/Documents/GITHUB CLONE REPO/igm/igm/Saved/Config/Windows/Scalability.ini]
[2022.12.06-02.40.25:943][  0]LogConfig: Setting CVar [[foliage.DensityScale:1.0]]
[2022.12.06-02.40.25:943][  0]LogConfig: Setting CVar [[grass.DensityScale:1.0]]
[2022.12.06-02.40.25:943][  0]LogConfig: Applying CVar settings from Section [ShadingQuality@3] File [C:/Users/venat/OneDrive/Documents/GITHUB CLONE REPO/igm/igm/Saved/Config/Windows/Scalability.ini]
[2022.12.06-02.40.25:943][  0]LogConfig: Setting CVar [[r.HairStrands.SkyLighting.IntegrationType:2]]
[2022.12.06-02.40.25:943][  0]LogConfig: Setting CVar [[r.HairStrands.SkyAO.SampleCount:4]]
[2022.12.06-02.40.25:943][  0]LogConfig: Setting CVar [[r.HairStrands.Visibility.MSAA.SamplePerPixel:4]]
[2022.12.06-02.40.25:943][  0]LogConfig: Applying CVar settings from Section [Startup] File [../../../Engine/Config/ConsoleVariables.ini]
[2022.12.06-02.40.25:944][  0]LogConfig: Setting CVar [[net.UseAdaptiveNetUpdateFrequency:0]]
[2022.12.06-02.40.25:944][  0]LogConfig: Setting CVar [[p.chaos.AllowCreatePhysxBodies:1]]
[2022.12.06-02.40.25:944][  0]LogConfig: Setting CVar [[fx.SkipVectorVMBackendOptimizations:1]]
[2022.12.06-02.40.25:944][  0]LogConfig: Applying CVar settings from Section [ConsoleVariables] File [C:/Users/venat/OneDrive/Documents/GITHUB CLONE REPO/igm/igm/Saved/Config/Windows/Engine.ini]
[2022.12.06-02.40.25:944][  0]LogConfig: Applying CVar settings from Section [ConsoleVariables] File [C:/Users/venat/OneDrive/Documents/GITHUB CLONE REPO/igm/igm/Saved/Config/Windows/Editor.ini]
[2022.12.06-02.40.25:944][  0]LogInit: Computer: DESKTOP-79Q32QF
[2022.12.06-02.40.25:944][  0]LogInit: User: ava
[2022.12.06-02.40.25:944][  0]LogInit: CPU Page size=4096, Cores=6
[2022.12.06-02.40.25:944][  0]LogInit: High frequency timer resolution =10.000000 MHz
[2022.12.06-02.40.25:944][  0]LogMemory: Memory total: Physical=7.9GB (8GB approx)
[2022.12.06-02.40.25:944][  0]LogMemory: Platform Memory Stats for Windows
[2022.12.06-02.40.25:944][  0]LogMemory: Process Physical Memory: 143.70 MB used, 143.70 MB peak
[2022.12.06-02.40.25:944][  0]LogMemory: Process Virtual Memory: 129.83 MB used, 129.83 MB peak
[2022.12.06-02.40.25:944][  0]LogMemory: Physical Memory: 6791.75 MB used,  1309.83 MB free, 8101.57 MB total
[2022.12.06-02.40.25:944][  0]LogMemory: Virtual Memory: 134210320.00 MB used,  7411.69 MB free, 134217728.00 MB total
[2022.12.06-02.40.25:948][  0]LogWindows: WindowsPlatformFeatures enabled
[2022.12.06-02.40.25:978][  0]LogInit: Physics initialised using underlying interface: PhysX
[2022.12.06-02.40.25:979][  0]LogInit: Using OS detected language (en-US).
[2022.12.06-02.40.25:979][  0]LogInit: Using OS detected locale (en-GB).
[2022.12.06-02.40.25:984][  0]LogTextLocalizationManager: No specific localization for 'en-US' exists, so the 'en' localization will be used.
[2022.12.06-02.40.26:163][  0]LogWindowsTextInputMethodSystem: Display: IME system deactivated.
[2022.12.06-02.40.26:174][  0]LogSlate: New Slate User Created.  User Index 0, Is Virtual User: 0
[2022.12.06-02.40.26:175][  0]LogSlate: Slate User Registered.  User Index 0, Is Virtual User: 0
[2022.12.06-02.40.26:299][  0]LogD3D11RHI: Loaded GFSDK_Aftermath_Lib.x64.dll
[2022.12.06-02.40.26:301][  0]LogHMD: Failed to initialize OpenVR with code 110
[2022.12.06-02.40.26:301][  0]LogD3D11RHI: D3D11 min allowed feature level: 11_0
[2022.12.06-02.40.26:301][  0]LogD3D11RHI: D3D11 max allowed feature level: 11_0
[2022.12.06-02.40.26:301][  0]LogD3D11RHI: D3D11 adapters:
[2022.12.06-02.40.26:391][  0]LogD3D11RHI:    0. 'NVIDIA GeForce RTX 3070' (Feature Level 11_0)
[2022.12.06-02.40.26:391][  0]LogD3D11RHI:       8043/0/4050 MB DedicatedVideo/DedicatedSystem/SharedSystem, Outputs:1, VendorId:0x10de
[2022.12.06-02.40.26:393][  0]LogD3D11RHI:    1. 'Microsoft Basic Render Driver' (Feature Level 11_0)
[2022.12.06-02.40.26:393][  0]LogD3D11RHI:       0/0/4050 MB DedicatedVideo/DedicatedSystem/SharedSystem, Outputs:0, VendorId:0x1414
[2022.12.06-02.40.26:393][  0]LogD3D11RHI: Chosen D3D11 Adapter:
[2022.12.06-02.40.26:393][  0]LogD3D11RHI:     Description : NVIDIA GeForce RTX 3070
[2022.12.06-02.40.26:393][  0]LogD3D11RHI:     VendorId    : 10de
[2022.12.06-02.40.26:393][  0]LogD3D11RHI:     DeviceId    : 2488
[2022.12.06-02.40.26:393][  0]LogD3D11RHI:     SubSysId    : 405c1458
[2022.12.06-02.40.26:393][  0]LogD3D11RHI:     Revision    : 00a1
[2022.12.06-02.40.26:393][  0]LogD3D11RHI:     DedicatedVideoMemory : 8433696768 bytes
[2022.12.06-02.40.26:393][  0]LogD3D11RHI:     DedicatedSystemMemory : 0 bytes
[2022.12.06-02.40.26:393][  0]LogD3D11RHI:     SharedSystemMemory : 4247558144 bytes
[2022.12.06-02.40.26:393][  0]LogD3D11RHI:     AdapterLuid : 0 54759
[2022.12.06-02.40.26:397][  0]LogD3D11RHI: Creating new Direct3DDevice
[2022.12.06-02.40.26:397][  0]LogD3D11RHI:     GPU DeviceId: 0x2488 (for the marketing name, search the web for "GPU Device Id")
[2022.12.06-02.40.26:397][  0]LogWindows: EnumDisplayDevices:
[2022.12.06-02.40.26:398][  0]LogWindows:    0. 'NVIDIA GeForce RTX 3070' (P:1 D:1)
[2022.12.06-02.40.26:398][  0]LogWindows:    1. 'NVIDIA GeForce RTX 3070' (P:0 D:0)
[2022.12.06-02.40.26:398][  0]LogWindows:    2. 'NVIDIA GeForce RTX 3070' (P:0 D:0)
[2022.12.06-02.40.26:398][  0]LogWindows:    3. 'NVIDIA GeForce RTX 3070' (P:0 D:0)
[2022.12.06-02.40.26:398][  0]LogWindows: DebugString: FoundDriverCount:4 
[2022.12.06-02.40.26:398][  0]LogD3D11RHI:     Adapter Name: NVIDIA GeForce RTX 3070
[2022.12.06-02.40.26:398][  0]LogD3D11RHI:   Driver Version: 516.94 (internal:31.0.15.1694, unified:516.94)
[2022.12.06-02.40.26:398][  0]LogD3D11RHI:      Driver Date: 7-21-2022
[2022.12.06-02.40.26:398][  0]LogRHI: Texture pool is 5630 MB (70% of 8043 MB)
[2022.12.06-02.40.26:398][  0]LogD3D11RHI: Creating D3DDevice using adapter:
[2022.12.06-02.40.26:398][  0]LogD3D11RHI:     Description : NVIDIA GeForce RTX 3070
[2022.12.06-02.40.26:398][  0]LogD3D11RHI:     VendorId    : 10de
[2022.12.06-02.40.26:398][  0]LogD3D11RHI:     DeviceId    : 2488
[2022.12.06-02.40.26:398][  0]LogD3D11RHI:     SubSysId    : 405c1458
[2022.12.06-02.40.26:398][  0]LogD3D11RHI:     Revision    : 00a1
[2022.12.06-02.40.26:398][  0]LogD3D11RHI:     DedicatedVideoMemory : 8433696768 bytes
[2022.12.06-02.40.26:398][  0]LogD3D11RHI:     DedicatedSystemMemory : 0 bytes
[2022.12.06-02.40.26:398][  0]LogD3D11RHI:     SharedSystemMemory : 4247558144 bytes
[2022.12.06-02.40.26:398][  0]LogD3D11RHI:     AdapterLuid : 0 54759
[2022.12.06-02.40.26:454][  0]LogD3D11RHI: RHI has support for 64 bit atomics
[2022.12.06-02.40.26:454][  0]LogD3D11RHI: Async texture creation enabled
[2022.12.06-02.40.26:454][  0]LogD3D11RHI: Array index from any shader is supported
[2022.12.06-02.40.26:483][  0]LogD3D11RHI: GPU Timing Frequency: 1000.000000 (Debug: 2 2)
[2022.12.06-02.40.26:516][  0]LogRHI: GeForceNow SDK initialized: 1
[2022.12.06-02.40.26:757][  0]LogTargetPlatformManager: Display: Loaded TargetPlatform 'AllDesktop'
[2022.12.06-02.40.26:776][  0]LogTargetPlatformManager: Display: Loaded TargetPlatform 'Android'
[2022.12.06-02.40.26:776][  0]LogTargetPlatformManager: Display: Loaded TargetPlatform 'Android_ASTC'
[2022.12.06-02.40.26:776][  0]LogTargetPlatformManager: Display: Loaded TargetPlatform 'Android_DXT'
[2022.12.06-02.40.26:776][  0]LogTargetPlatformManager: Display: Loaded TargetPlatform 'Android_ETC2'
[2022.12.06-02.40.26:776][  0]LogTargetPlatformManager: Display: Loaded TargetPlatform 'AndroidClient'
[2022.12.06-02.40.26:776][  0]LogTargetPlatformManager: Display: Loaded TargetPlatform 'Android_ASTCClient'
[2022.12.06-02.40.26:776][  0]LogTargetPlatformManager: Display: Loaded TargetPlatform 'Android_DXTClient'
[2022.12.06-02.40.26:776][  0]LogTargetPlatformManager: Display: Loaded TargetPlatform 'Android_ETC2Client'
[2022.12.06-02.40.26:776][  0]LogTargetPlatformManager: Display: Loaded TargetPlatform 'Android_Multi'
[2022.12.06-02.40.26:776][  0]LogTargetPlatformManager: Display: Loaded TargetPlatform 'Android_MultiClient'
[2022.12.06-02.40.26:792][  0]LogTargetPlatformManager: Display: Loaded TargetPlatform 'IOSClient'
[2022.12.06-02.40.26:792][  0]LogTargetPlatformManager: Display: Loaded TargetPlatform 'IOS'
[2022.12.06-02.40.26:802][  0]LogTargetPlatformManager: Display: Loaded TargetPlatform 'Linux'
[2022.12.06-02.40.26:806][  0]LogTargetPlatformManager: Display: Loaded TargetPlatform 'LinuxNoEditor'
[2022.12.06-02.40.26:809][  0]LogTargetPlatformManager: Display: Loaded TargetPlatform 'LinuxClient'
[2022.12.06-02.40.26:812][  0]LogTargetPlatformManager: Display: Loaded TargetPlatform 'LinuxServer'
[2022.12.06-02.40.26:821][  0]LogTargetPlatformManager: Display: Loaded TargetPlatform 'LinuxAArch64NoEditor'
[2022.12.06-02.40.26:825][  0]LogTargetPlatformManager: Display: Loaded TargetPlatform 'LinuxAArch64Client'
[2022.12.06-02.40.26:828][  0]LogTargetPlatformManager: Display: Loaded TargetPlatform 'LinuxAArch64Server'
[2022.12.06-02.40.26:854][  0]LogTargetPlatformManager: Display: Loaded TargetPlatform 'Lumin'
[2022.12.06-02.40.26:854][  0]LogTargetPlatformManager: Display: Loaded TargetPlatform 'LuminClient'
[2022.12.06-02.40.26:862][  0]LogTargetPlatformManager: Display: Loaded TargetPlatform 'MacNoEditor'
[2022.12.06-02.40.26:865][  0]LogTargetPlatformManager: Display: Loaded TargetPlatform 'Mac'
[2022.12.06-02.40.26:868][  0]LogTargetPlatformManager: Display: Loaded TargetPlatform 'MacClient'
[2022.12.06-02.40.26:872][  0]LogTargetPlatformManager: Display: Loaded TargetPlatform 'MacServer'
[2022.12.06-02.40.26:881][  0]LogTargetPlatformManager: Display: Loaded TargetPlatform 'TVOSClient'
[2022.12.06-02.40.26:881][  0]LogTargetPlatformManager: Display: Loaded TargetPlatform 'TVOS'
[2022.12.06-02.40.26:890][  0]LogTargetPlatformManager: Display: Loaded TargetPlatform 'WindowsNoEditor'
[2022.12.06-02.40.26:894][  0]LogTargetPlatformManager: Display: Loaded TargetPlatform 'Windows'
[2022.12.06-02.40.26:898][  0]LogTargetPlatformManager: Display: Loaded TargetPlatform 'WindowsClient'
[2022.12.06-02.40.26:901][  0]LogTargetPlatformManager: Display: Loaded TargetPlatform 'WindowsServer'
[2022.12.06-02.40.26:901][  0]LogTargetPlatformManager: Display: Building Assets For Windows
[2022.12.06-02.40.26:907][  0]LogAudioDebug: Display: Lib vorbis DLL was dynamically loaded.
[2022.12.06-02.40.26:932][  0]LogTextureFormatOodle: Display: Oodle Texture 2.9.0 init RDO Off
[2022.12.06-02.40.26:955][  0]LogRendererCore: Ray tracing is disabled. Reason: r.RayTracing=0.
[2022.12.06-02.40.26:955][  0]LogShaderCompilers: Guid format shader working directory is -28 characters bigger than the processId version (../../../../../../Users/venat/OneDrive/Documents/GITHUB CLONE REPO/igm/igm/Intermediate/Shaders/WorkingDirectory/2980/).
[2022.12.06-02.40.26:955][  0]LogShaderCompilers: Cleaned the shader compiler working directory 'C:/Users/venat/AppData/Local/Temp/UnrealShaderWorkingDir/0D60162F407957A7A8C3EDBECF589346/'.
[2022.12.06-02.40.26:955][  0]LogXGEController: Cannot use XGE Controller as Incredibuild is not installed on this machine.
[2022.12.06-02.40.26:955][  0]LogShaderCompilers: Cannot use XGE Shader Compiler as Incredibuild is not installed on this machine.
[2022.12.06-02.40.26:955][  0]LogShaderCompilers: Display: Using Local Shader Compiler.
[2022.12.06-02.40.27:644][  0]LogDerivedDataCache: Display: Max Cache Size: 512 MB
[2022.12.06-02.40.27:697][  0]LogDerivedDataCache: Loaded boot cache 0.05s 94MB C:/Users/venat/AppData/Local/UnrealEngine/4.27/DerivedDataCache/Boot.ddc.
[2022.12.06-02.40.27:697][  0]LogDerivedDataCache: Display: Loaded Boot cache: C:/Users/venat/AppData/Local/UnrealEngine/4.27/DerivedDataCache/Boot.ddc
[2022.12.06-02.40.27:698][  0]LogDerivedDataCache: FDerivedDataBackendGraph:  Pak pak cache file ../../../../../../Users/venat/OneDrive/Documents/GITHUB CLONE REPO/igm/igm/DerivedDataCache/DDC.ddp not found, will not use a pak cache.
[2022.12.06-02.40.27:698][  0]LogDerivedDataCache: Unable to find inner node Pak for hierarchical cache Hierarchy.
[2022.12.06-02.40.27:698][  0]LogDerivedDataCache: FDerivedDataBackendGraph:  CompressedPak pak cache file ../../../../../../Users/venat/OneDrive/Documents/GITHUB CLONE REPO/igm/igm/DerivedDataCache/Compressed.ddp not found, will not use a pak cache.
[2022.12.06-02.40.27:698][  0]LogDerivedDataCache: Unable to find inner node CompressedPak for hierarchical cache Hierarchy.
[2022.12.06-02.40.27:712][  0]LogDerivedDataCache: Display: Pak cache opened for reading ../../../Engine/DerivedDataCache/Compressed.ddp.
[2022.12.06-02.40.27:712][  0]LogDerivedDataCache: FDerivedDataBackendGraph:  EnterprisePak pak cache file ../../../Enterprise/DerivedDataCache/Compressed.ddp not found, will not use a pak cache.
[2022.12.06-02.40.27:712][  0]LogDerivedDataCache: Unable to find inner node EnterprisePak for hierarchical cache Hierarchy.
[2022.12.06-02.40.27:721][  0]LogDerivedDataCache: Speed tests for C:/Users/venat/AppData/Local/UnrealEngine/Common/DerivedDataCache took 0.01 seconds
[2022.12.06-02.40.27:721][  0]LogDerivedDataCache: Display: Performance to C:/Users/venat/AppData/Local/UnrealEngine/Common/DerivedDataCache: Latency=0.03ms. RandomReadSpeed=254.30MBs, RandomWriteSpeed=193.76MBs. Assigned SpeedClass 'Local'
[2022.12.06-02.40.27:722][  0]LogDerivedDataCache: Using Local data cache path C:/Users/venat/AppData/Local/UnrealEngine/Common/DerivedDataCache: Writable
[2022.12.06-02.40.27:722][  0]LogDerivedDataCache: Shared data cache path not found in *engine.ini, will not use an Shared cache.
[2022.12.06-02.40.27:722][  0]LogDerivedDataCache: Unable to find inner node Shared for hierarchical cache Hierarchy.
[2022.12.06-02.40.27:764][  0]LogSlate: Using FreeType 2.10.0
[2022.12.06-02.40.27:765][  0]LogSlate: SlateFontServices - WITH_FREETYPE: 1, WITH_HARFBUZZ: 1
[2022.12.06-02.40.27:784][  0]LogAssetRegistry: FAssetRegistry took 0.0024 seconds to start up
[2022.12.06-02.40.27:983][  0]LogInit: Selected Device Profile: [Windows]
[2022.12.06-02.40.27:983][  0]LogInit: Active device profile: [000001745067ED00][0000017443C772C0 49] Windows
[2022.12.06-02.40.27:983][  0]LogInit: Profiles: [000001745067ED00][0000017443C772C0 49] Windows, [00000174504DD100][0000017443C7F440 49] WindowsNoEditor, [000001745067D100][0000017443C835C0 49] WindowsServer, [00000174504DEC00][0000017443C87740 49] WindowsClient, [00000174504DFE00][00000174502FD8C0 49] IOS, [00000174504D3F00][0000017450301A40 49] iPadAir, [000001745067DA00][000001744DCB5BC0 49] iPadAir2, [0000017451260D00][000001744DCCC300 49] IPadPro, [0000017451260E00][000001744DCB8340 49] iPadAir3, [00000174504D0B00][0000017443CB24C0 49] iPadAir4, [0000017451261E00][0000017443CB6640 49] iPadMini2, [00000174504D1A00][0000017443CBA7C0 49] iPadMini3, [0000017451260F00][0000017443CBE940 49] iPadMini4, [00000174504D2200][0000017443C7AA80 49] iPadMini5, [00000174504DF100][0000017443CCACC0 49] iPhone6, [0000017451047F00][0000017443CC2D00 49] iPodTouch6, [00000174504DEE00][0000017443CD6FC0 49] iPhone7, [00000174504DD900][0000017443CD3000 49] iPodTouch7, [0000017451260900][0000017443CDB180 49] iPhone5S, [00000174504DDC00][0000017443CDF300 49] iPhone6Plus, [00000174504DCB00][0000017443CE3480 49] iPhone6S, [0000017451044A00][0000017443CE7600 49] iPhone6SPlus, [00000174504DF800][0000017451449780 49] iPhone7Plus, [0000017451047D00][000001745144D900 49] iPhoneSE, [0000017451046100][0000017451451A80 49] iPhone8, [0000017451262C00][000001745147BC00 49] iPhone8Plus, [0000017451046700][0000017451482200 49] iPhoneX, [0000017451260300][000001745148A380 49] iPhoneXS, [0000017451044200][00000174516E4500 49] iPhoneXSMax, [0000017451263C00][00000174516FE680 49] iPhoneXR, [0000017451044500][0000017451702800 49] iPhone11, [0000017451263100][0000017451706980 49] iPhone11Pro, [0000017451044D00][0000017450242B00 49] iPhone11ProMax, [00000174504DF400][0000017443CCEC40 49] iPhoneSE2, [0000017451046000][00000174502ECD80 49] iPhone12Mini, [00000174504DFB00][00000174502F0EC0 49] iPhone12, [0000017451046F00][00000174502F9040 49] iPhone12Pro, [00000174504DCC00][000001745170B1C0 49] iPhone12ProMax, [0000017451045500][000001745170F340 49] iPadPro105, [00000174504DC300][00000174517134C0 49] iPadPro129, [0000017451046D00][0000017451717640 49] iPadPro97, [00000174504DC400][000001745171B7C0 49] iPadPro2_129, [0000017451045200][0000017450097940 49] iPad5, [00000174504DE600][000001745009FAC0 49] iPad6, [0000017451047700][00000174500A20C0 49] iPad7, [00000174504DF900][00000174500A6240 49] iPad8, [0000017451047000][00000174500AA3C0 49] iPadPro11, [00000174504DFD00][00000174500AE540 49] iPadPro2_11, [0000017451045D00][00000174500B26C0 49] iPadPro3_129, [00000174504DCA00][000001745143A840 49] iPadPro4_129, [0000017451045800][000001745143E9C0 49] AppleTV, [00000174504DDB00][00000174519F2B40 49] AppleTV4K, [0000017451047E00][00000174519F6CC0 49] TVOS, [00000174504DC900][00000174502F4E00 49] Mac, [0000017451046B00][00000174519FAF40 49] MacClient, [00000174504DEF00][0000017451A27080 49] MacNoEditor, [0000017451045F00][00000174517F71C0 49] MacServer, [00000174504DE200][00000174517FF340 49] Linux, [0000017451045700][00000174518034C0 49] LinuxAArch64, [00000174504DD400][00000174502DF640 49] LinuxNoEditor, [0000017451045100][00000174518137C0 49] LinuxAArch64NoEditor, [00000174504DD300][00000174501B9940 49] LinuxClient, [0000017451046E00][00000174501D3AC0 49] LinuxAArch64Client, [00000174504DDE00][00000174501D60C0 49] LinuxServer, [0000017451044E00][000001745020E240 49] LinuxAArch64Server, [00000174504DC500][00000174502123C0 49] Android, [0000017451047A00][0000017450216540 49] Android_Low, [00000174504DC600][000001745021A6C0 49] Android_Mid, [0000017451045300][000001745025E840 49] Android_High, [00000174504DF700][00000174502629C0 49] Android_Default, [0000017451046800][0000017450266B40 49] Android_Adreno4xx, [00000174504DC200][000001745026ACC0 49] Android_Adreno5xx_Low, [0000017451046C00][0000017450232E40 49] Android_Adreno5xx, [00000174504DE100][00000174517FAF80 49] Android_Adreno6xx, [0000017451045B00][000001745023F0C0 49] Android_Adreno6xx_Vulkan, [00000174504DD500][0000017450275200 49] Android_Mali_T6xx, [0000017451047B00][0000017450279340 49] Android_Mali_T7xx, [0000017451263500][00000174500534C0 49] Android_Mali_T8xx, [00000174504D1400][000001745005D640 49] Android_Mali_G71, [0000017451261000][00000174516637C0 49] Android_Mali_G72, [00000174504D2000][0000017451667940 49] Android_Mali_G72_Vulkan, [0000017451262D00][00000174519DFAC0 49] Android_Mali_G76, [00000174504D0700][00000174519E20C0 49] Android_Mali_G76_Vulkan, [0000017451261300][00000174519E6240 49] Android_Mali_G77, [00000174504D0C00][00000174519EA3C0 49] Android_Mali_G77_Vulkan, [0000017451262500][00000174519EE540 49] Android_Mali_G78, [00000174504D0D00][00000174500926C0 49] Android_Mali_G78_Vulkan, [0000017451260700][00000174519DA840 49] Android_Mali_G710, [00000174504D3000][00000174524609C0 49] Android_Mali_G710_Vulkan, [0000017451260A00][0000017452464B40 49] Android_Vulkan_SM5, [00000174504D1600][00000174515F6CC0 49] Android_PowerVR_G6xxx, [0000017451262700][000001745166AE40 49] Android_PowerVR_GT7xxx, [00000174504D1300][000001745166EFC0 49] Android_PowerVR_GE8xxx, [0000017451261800][0000017451673140 49] Android_PowerVR_GM9xxx, [00000174504D3700][000001745004F280 49] Android_PowerVR_GM9xxx_Vulkan, [0000017451263E00][00000174516773C0 49] Android_TegraK1, [00000174504D3E00][000001745167B500 49] Android_Unknown_Vulkan, [0000017451263700][000001745147F680 49] Lumin, [00000174504D3400][000001745167F800 49] Lumin_Desktop, [0000017451261B00][0000017451683980 49] HoloLens, 
[2022.12.06-02.40.28:094][  0]LogMeshReduction: Using QuadricMeshReduction for automatic static mesh reduction
[2022.12.06-02.40.28:094][  0]LogMeshReduction: Using SimplygonMeshReduction for automatic skeletal mesh reduction
[2022.12.06-02.40.28:094][  0]LogMeshReduction: Using ProxyLODMeshReduction for automatic mesh merging
[2022.12.06-02.40.28:094][  0]LogMeshReduction: No distributed automatic mesh merging module available
[2022.12.06-02.40.28:094][  0]LogMeshMerging: No distributed automatic mesh merging module available
[2022.12.06-02.40.28:106][  0]LogNetVersion: igm 1.0.0, NetCL: 17155196, EngineNetVer: 17, GameNetVer: 0 (Checksum: 1601924829)
[2022.12.06-02.40.28:410][  0]LogTexture: Default maximum texture size for cubemaps generated from long-lat sources has been changed from 512 to unlimited. In order to preserve old behaiour for '/Engine/MapTemplates/Sky/DaylightAmbientCubemap.DaylightAmbientCubemap', its maximum texture size has been explicitly set to 512.
[2022.12.06-02.40.28:460][  0]LogHMD: PokeAHoleMaterial loaded successfully
[2022.12.06-02.40.28:465][  0]LogUObjectArray: 17178 objects as part of root set at end of initial load.
[2022.12.06-02.40.28:465][  0]LogUObjectAllocator: 4302048 out of 0 bytes used by permanent object pool.
[2022.12.06-02.40.28:465][  0]LogUObjectArray: CloseDisregardForGC: 0/0 objects in disregard for GC pool
[2022.12.06-02.40.28:717][  0]LogNiagaraDebuggerClient: Niagara Debugger Client Initialized | Session: 6DEBC45C49DE230C1AB239877D29FD69 | Instance: 9603B6AB48F14FDFE23F6EBCF73B8C55 (DESKTOP-79Q32QF-2980).
[2022.12.06-02.40.28:813][  0]LogPython: Using Python 3.7.7
[2022.12.06-02.40.29:272][  0]LogTcpMessaging: Initializing TcpMessaging bridge
[2022.12.06-02.40.29:276][  0]LogUdpMessaging: Initializing bridge on interface 0.0.0.0:0 to multicast group 230.0.0.1:6666.
[2022.12.06-02.40.29:463][  0]SourceControl: Source control is disabled
[2022.12.06-02.40.29:767][  0]LogUProjectInfo: Found projects:
[2022.12.06-02.40.29:902][  0]LogOpenImageDenoise: OIDN starting up
[2022.12.06-02.40.29:911][  0]LogAndroidPermission: UAndroidPermissionCallbackProxy::GetInstance
[2022.12.06-02.40.29:926][  0]LogAudioCaptureCore: Display: No Audio Capture implementations found. Audio input will be silent.
[2022.12.06-02.40.29:926][  0]LogAudioCaptureCore: Display: No Audio Capture implementations found. Audio input will be silent.
[2022.12.06-02.40.30:035][  0]LogCollectionManager: Loaded 0 collections in 0.001255 seconds
[2022.12.06-02.40.30:056][  0]LogFileCache: Scanning file cache for directory 'C:/Users/venat/OneDrive/Documents/GITHUB CLONE REPO/igm/igm/Saved/Collections/' took 0.00s
[2022.12.06-02.40.30:056][  0]LogFileCache: Scanning file cache for directory 'C:/Users/venat/OneDrive/Documents/GITHUB CLONE REPO/igm/igm/Content/Developers/ava/Collections/' took 0.00s
[2022.12.06-02.40.30:056][  0]LogFileCache: Scanning file cache for directory 'C:/Users/venat/OneDrive/Documents/GITHUB CLONE REPO/igm/igm/Content/Collections/' took 0.00s
[2022.12.06-02.40.30:056][  0]LogOcInput: OculusInput pre-init called
[2022.12.06-02.40.30:246][  0]LogEngine: Initializing Engine...
[2022.12.06-02.40.30:248][  0]LogHMD: Failed to enumerate extensions. Please check that you have a valid OpenXR runtime installed.
[2022.12.06-02.40.30:248][  0]LogHMD: Failed to initialize OpenVR with code 110
[2022.12.06-02.40.30:248][  0]LogMagicLeap: Warning: VR disabled because ZI is not enabled.  To enable, in the editor, Edit -> Project Settings -> Plugins -> Magic Leap Plugin -> Enable Zero Iteration
[2022.12.06-02.40.30:249][  0]LogStats: UGameplayTagsManager::InitializeManager -  0.000 s
[2022.12.06-02.40.30:358][  0]LogInit: Initializing FReadOnlyCVARCache
[2022.12.06-02.40.30:365][  0]LogAIModule: Creating AISystem for world Untitled
[2022.12.06-02.40.30:372][  0]LogAudio: Display: Initializing Audio Device Manager...
[2022.12.06-02.40.30:375][  0]LogAudio: Display: Loading Default Audio Settings Objects...
[2022.12.06-02.40.30:376][  0]LogAudio: Display: No default SoundConcurrencyObject specified (or failed to load).
[2022.12.06-02.40.30:376][  0]LogAudio: Display: Audio Device Manager Initialized
[2022.12.06-02.40.30:376][  0]LogAudio: Display: Creating Audio Device:                 Id: 1, Scope: Shared, Realtime: True
[2022.12.06-02.40.30:376][  0]LogAudioMixer: Display: Audio Mixer Platform Settings:
[2022.12.06-02.40.30:376][  0]LogAudioMixer: Display: 	Sample Rate:						  48000
[2022.12.06-02.40.30:376][  0]LogAudioMixer: Display: 	Callback Buffer Frame Size Requested: 1024
[2022.12.06-02.40.30:376][  0]LogAudioMixer: Display: 	Callback Buffer Frame Size To Use:	  1024
[2022.12.06-02.40.30:376][  0]LogAudioMixer: Display: 	Number of buffers to queue:			  2
[2022.12.06-02.40.30:376][  0]LogAudioMixer: Display: 	Max Channels (voices):				  32
[2022.12.06-02.40.30:376][  0]LogAudioMixer: Display: 	Number of Async Source Workers:		  0
[2022.12.06-02.40.30:376][  0]LogAudio: Display: AudioDevice MaxSources: 32
[2022.12.06-02.40.30:377][  0]LogAudio: Display: Audio Spatialization Plugin: None (built-in).
[2022.12.06-02.40.30:377][  0]LogAudio: Display: Audio Reverb Plugin: None (built-in).
[2022.12.06-02.40.30:377][  0]LogAudio: Display: Audio Occlusion Plugin: None (built-in).
[2022.12.06-02.40.30:377][  0]LogAudioMixer: Display: Initializing audio mixer.
[2022.12.06-02.40.30:385][  0]LogAudioMixer: Display: 0: FrontLeft
[2022.12.06-02.40.30:385][  0]LogAudioMixer: Display: 1: FrontRight
[2022.12.06-02.40.30:477][  0]LogAudioMixer: Display: Using Audio Device Speakers (Realtek(R) Audio)
[2022.12.06-02.40.30:482][  0]LogAudioMixer: Display: Initializing Sound Submixes...
[2022.12.06-02.40.30:484][  0]LogAudioMixer: Display: Creating Master Submix 'MasterSubmixDefault'
[2022.12.06-02.40.30:484][  0]LogAudioMixer: Display: Creating Master Submix 'MasterReverbSubmixDefault'
[2022.12.06-02.40.30:484][  0]LogAudioMixer: Display: Creating Master Submix 'MasterEQSubmixDefault'
[2022.12.06-02.40.30:485][  0]LogAudioMixer: FMixerPlatformXAudio2::StartAudioStream() called
[2022.12.06-02.40.30:485][  0]LogAudioMixer: Display: Output buffers initialized: Frames=1024, Channels=2, Samples=2048
[2022.12.06-02.40.30:485][  0]LogAudioMixer: Display: Starting AudioMixerPlatformInterface::RunInternal()
[2022.12.06-02.40.30:485][  0]LogAudioMixer: Display: FMixerPlatformXAudio2::SubmitBuffer() called for the first time
[2022.12.06-02.40.30:485][  0]LogInit: FAudioDevice initialized.
[2022.12.06-02.40.30:486][  0]LogAudio: Display: Audio Device (ID: 1) registered with world 'Untitled'.
[2022.12.06-02.40.30:486][  0]LogNetVersion: Set ProjectVersion to 1.0.0.0. Version Checksum will be recalculated on next use.
[2022.12.06-02.40.30:535][  0]LogDerivedDataCache: Saved boot cache 0.05s 94MB C:/Users/venat/AppData/Local/UnrealEngine/4.27/DerivedDataCache/Boot.ddc.
[2022.12.06-02.40.30:535][  0]LogInit: Texture streaming: Enabled
[2022.12.06-02.40.30:545][  0]LogAnalytics: Display: [UEEditor.Rocket.Release] APIServer = https://datarouter.ol.epicgames.com/. AppVersion = 4.27.2-18319896+++UE4+Release-4.27
[2022.12.06-02.40.30:547][  0]LogEngineSessionManager: EngineSessionManager initialized
[2022.12.06-02.40.30:547][  0]LogEditorSessionSummary: Verbose: Initializing EditorSessionSummaryWriter for editor session tracking
[2022.12.06-02.40.30:549][  0]LogEditorSessionSummary: EditorSessionSummaryWriter initialized
[2022.12.06-02.40.30:568][  0]LogInit: Transaction tracking system initialized
[2022.12.06-02.40.30:584][  0]BlueprintLog: New page: Editor Load
[2022.12.06-02.40.30:630][  0]LocalizationService: Localization service is disabled
[2022.12.06-02.40.30:649][  0]TimingProfiler: Initialize
[2022.12.06-02.40.30:649][  0]TimingProfiler: OnSessionChanged
[2022.12.06-02.40.30:649][  0]LoadingProfiler: Initialize
[2022.12.06-02.40.30:649][  0]LoadingProfiler: OnSessionChanged
[2022.12.06-02.40.30:649][  0]NetworkingProfiler: Initialize
[2022.12.06-02.40.30:649][  0]NetworkingProfiler: OnSessionChanged
[2022.12.06-02.40.30:649][  0]MemoryProfiler: Initialize
[2022.12.06-02.40.30:649][  0]MemoryProfiler: OnSessionChanged
[2022.12.06-02.40.30:765][  0]LogCook: Display: CookSettings for Memory: MemoryMaxUsedVirtual 0MiB, MemoryMaxUsedPhysical 16384MiB, MemoryMinFreeVirtual 0MiB, MemoryMinFreePhysical 1024MiB
[2022.12.06-02.40.30:765][  0]LogCook: Display: Mobile HDR setting 1
[2022.12.06-02.40.30:906][  0]LogFileCache: Scanning file cache for directory 'C:/Users/venat/OneDrive/Documents/GITHUB CLONE REPO/igm/igm/Content/' took 0.01s
[2022.12.06-02.40.31:059][  0]LogInit: Display: Engine is initialized. Leaving FEngineLoop::Init()
[2022.12.06-02.40.31:061][  0]LogUnrealEdMisc: Loading editor; pre map load, took 6.111
[2022.12.06-02.40.31:061][  0]Cmd: MAP LOAD FILE="../../../../../../Users/venat/OneDrive/Documents/GITHUB CLONE REPO/igm/igm/Content/FirstPersonBP/Maps/FirstPersonExampleMap.umap" TEMPLATE=0 SHOWPROGRESS=1 FEATURELEVEL=3
[2022.12.06-02.40.31:062][  0]LightingResults: New page: Lighting Build
[2022.12.06-02.40.31:063][  0]LogWorld: UWorld::CleanupWorld for Untitled, bSessionEnded=true, bCleanupResources=true
[2022.12.06-02.40.31:063][  0]LogSlate: InvalidateAllWidgets triggered.  All widgets were invalidated
[2022.12.06-02.40.31:063][  0]MapCheck: New page: Map Check
[2022.12.06-02.40.31:063][  0]LightingResults: New page: Lighting Build
[2022.12.06-02.40.31:067][  0]LogAudio: Display: Audio Device unregistered from world 'None'.
[2022.12.06-02.40.31:069][  0]LogUObjectHash: Compacting FUObjectHashTables data took   0.76ms
[2022.12.06-02.40.31:678][  0]LogAudio: Display: Audio Device (ID: 1) registered with world 'FirstPersonExampleMap'.
[2022.12.06-02.40.31:678][  0]LogAIModule: Creating AISystem for world FirstPersonExampleMap
[2022.12.06-02.40.31:703][  0]LogEditorServer: Finished looking for orphan Actors (0.000 secs)
[2022.12.06-02.40.31:715][  0]LogUObjectHash: Compacting FUObjectHashTables data took   1.02ms
[2022.12.06-02.40.31:715][  0]Cmd: MAP CHECKDEP NOCLEARLOG
[2022.12.06-02.40.31:715][  0]MapCheck: Map check complete: 0 Error(s), 0 Warning(s), took 0.236ms to complete.
[2022.12.06-02.40.31:715][  0]LogFileHelpers: Loading map 'FirstPersonExampleMap' took 0.654
[2022.12.06-02.40.31:717][  0]LogUnrealEdMisc: Total Editor Startup Time, took 6.767
[2022.12.06-02.40.31:808][  0]LogSlate: Updating window title bar state: overlay mode, drag disabled, window buttons hidden, title bar hidden
[2022.12.06-02.40.31:814][  0]LogSlate: Updating window title bar state: overlay mode, drag disabled, window buttons hidden, title bar hidden
[2022.12.06-02.40.31:820][  0]LogSlate: Updating window title bar state: overlay mode, drag disabled, window buttons hidden, title bar hidden
[2022.12.06-02.40.31:826][  0]LogSlate: Updating window title bar state: overlay mode, drag disabled, window buttons hidden, title bar hidden
[2022.12.06-02.40.31:838][  0]LogNativeClassHierarchy: Verbose: Native class hierarchy populated in 0.0086 seconds. Added 3824 classes and 931 folders.
[2022.12.06-02.40.31:839][  0]LogNativeClassHierarchy: Verbose: Native class hierarchy updated for 'WidgetCarousel' in 0.0002 seconds. Added 0 classes and 0 folders.
[2022.12.06-02.40.31:841][  0]LogPakFile: PakFile PrimaryIndexSize=187
[2022.12.06-02.40.31:841][  0]LogPakFile: PakFile PathHashIndexSize=101
[2022.12.06-02.40.31:841][  0]LogPakFile: PakFile FullDirectoryIndexSize=148
[2022.12.06-02.40.31:841][  0]LogShaderLibrary: Display: ShaderCodeLibraryPakFileMountedCallback: PakFile 'C:/Program Files/Epic Games/UE_4.27/FeaturePacks/FP_FirstPerson.upack' (chunk index -1, root 'root:/') mounted
[2022.12.06-02.40.31:841][  0]LogShaderLibrary: Display: ShaderCodeLibraryPakFileMountedCallback: pending pak file info (ChunkID:-1 Root:root:/ File:C:/Program Files/Epic Games/UE_4.27/FeaturePacks/FP_FirstPerson.upack)
[2022.12.06-02.40.31:841][  0]LogPakFile: OnPakFileMounted2Time == 0.000047
[2022.12.06-02.40.31:841][  0]LogPakFile: PakFile PrimaryIndexSize=189
[2022.12.06-02.40.31:841][  0]LogPakFile: PakFile PathHashIndexSize=101
[2022.12.06-02.40.31:841][  0]LogPakFile: PakFile FullDirectoryIndexSize=152
[2022.12.06-02.40.31:841][  0]LogShaderLibrary: Display: ShaderCodeLibraryPakFileMountedCallback: PakFile 'C:/Program Files/Epic Games/UE_4.27/FeaturePacks/FP_FirstPersonBP.upack' (chunk index -1, root 'root:/') mounted
[2022.12.06-02.40.31:841][  0]LogShaderLibrary: Display: ShaderCodeLibraryPakFileMountedCallback: pending pak file info (ChunkID:-1 Root:root:/ File:C:/Program Files/Epic Games/UE_4.27/FeaturePacks/FP_FirstPersonBP.upack)
[2022.12.06-02.40.31:841][  0]LogPakFile: OnPakFileMounted2Time == 0.000035
[2022.12.06-02.40.31:842][  0]LogPakFile: PakFile PrimaryIndexSize=191
[2022.12.06-02.40.31:842][  0]LogPakFile: PakFile PathHashIndexSize=101
[2022.12.06-02.40.31:842][  0]LogPakFile: PakFile FullDirectoryIndexSize=160
[2022.12.06-02.40.31:842][  0]LogShaderLibrary: Display: ShaderCodeLibraryPakFileMountedCallback: PakFile 'C:/Program Files/Epic Games/UE_4.27/FeaturePacks/MobileStarterContent.upack' (chunk index -1, root 'root:/') mounted
[2022.12.06-02.40.31:842][  0]LogShaderLibrary: Display: ShaderCodeLibraryPakFileMountedCallback: pending pak file info (ChunkID:-1 Root:root:/ File:C:/Program Files/Epic Games/UE_4.27/FeaturePacks/MobileStarterContent.upack)
[2022.12.06-02.40.31:842][  0]LogPakFile: OnPakFileMounted2Time == 0.000029
[2022.12.06-02.40.31:842][  0]LogPakFile: PakFile PrimaryIndexSize=185
[2022.12.06-02.40.31:842][  0]LogPakFile: PakFile PathHashIndexSize=101
[2022.12.06-02.40.31:842][  0]LogPakFile: PakFile FullDirectoryIndexSize=148
[2022.12.06-02.40.31:842][  0]LogShaderLibrary: Display: ShaderCodeLibraryPakFileMountedCallback: PakFile 'C:/Program Files/Epic Games/UE_4.27/FeaturePacks/StarterContent.upack' (chunk index -1, root 'root:/') mounted
[2022.12.06-02.40.31:842][  0]LogShaderLibrary: Display: ShaderCodeLibraryPakFileMountedCallback: pending pak file info (ChunkID:-1 Root:root:/ File:C:/Program Files/Epic Games/UE_4.27/FeaturePacks/StarterContent.upack)
[2022.12.06-02.40.31:842][  0]LogPakFile: OnPakFileMounted2Time == 0.000031
[2022.12.06-02.40.31:843][  0]LogPakFile: PakFile PrimaryIndexSize=190
[2022.12.06-02.40.31:843][  0]LogPakFile: PakFile PathHashIndexSize=101
[2022.12.06-02.40.31:843][  0]LogPakFile: PakFile FullDirectoryIndexSize=154
[2022.12.06-02.40.31:843][  0]LogShaderLibrary: Display: ShaderCodeLibraryPakFileMountedCallback: PakFile 'C:/Program Files/Epic Games/UE_4.27/FeaturePacks/TP_2DSideScroller.upack' (chunk index -1, root 'root:/') mounted
[2022.12.06-02.40.31:843][  0]LogShaderLibrary: Display: ShaderCodeLibraryPakFileMountedCallback: pending pak file info (ChunkID:-1 Root:root:/ File:C:/Program Files/Epic Games/UE_4.27/FeaturePacks/TP_2DSideScroller.upack)
[2022.12.06-02.40.31:843][  0]LogPakFile: OnPakFileMounted2Time == 0.000029
[2022.12.06-02.40.31:843][  0]LogPakFile: PakFile PrimaryIndexSize=192
[2022.12.06-02.40.31:843][  0]LogPakFile: PakFile PathHashIndexSize=101
[2022.12.06-02.40.31:843][  0]LogPakFile: PakFile FullDirectoryIndexSize=158
[2022.12.06-02.40.31:843][  0]LogShaderLibrary: Display: ShaderCodeLibraryPakFileMountedCallback: PakFile 'C:/Program Files/Epic Games/UE_4.27/FeaturePacks/TP_2DSideScrollerBP.upack' (chunk index -1, root 'root:/') mounted
[2022.12.06-02.40.31:843][  0]LogShaderLibrary: Display: ShaderCodeLibraryPakFileMountedCallback: pending pak file info (ChunkID:-1 Root:root:/ File:C:/Program Files/Epic Games/UE_4.27/FeaturePacks/TP_2DSideScrollerBP.upack)
[2022.12.06-02.40.31:843][  0]LogPakFile: OnPakFileMounted2Time == 0.000028
[2022.12.06-02.40.31:844][  0]LogPakFile: PakFile PrimaryIndexSize=182
[2022.12.06-02.40.31:844][  0]LogPakFile: PakFile PathHashIndexSize=101
[2022.12.06-02.40.31:844][  0]LogPakFile: PakFile FullDirectoryIndexSize=138
[2022.12.06-02.40.31:844][  0]LogShaderLibrary: Display: ShaderCodeLibraryPakFileMountedCallback: PakFile 'C:/Program Files/Epic Games/UE_4.27/FeaturePacks/TP_Flying.upack' (chunk index -1, root 'root:/') mounted
[2022.12.06-02.40.31:844][  0]LogShaderLibrary: Display: ShaderCodeLibraryPakFileMountedCallback: pending pak file info (ChunkID:-1 Root:root:/ File:C:/Program Files/Epic Games/UE_4.27/FeaturePacks/TP_Flying.upack)
[2022.12.06-02.40.31:844][  0]LogPakFile: OnPakFileMounted2Time == 0.000029
[2022.12.06-02.40.31:844][  0]LogPakFile: PakFile PrimaryIndexSize=184
[2022.12.06-02.40.31:844][  0]LogPakFile: PakFile PathHashIndexSize=101
[2022.12.06-02.40.31:844][  0]LogPakFile: PakFile FullDirectoryIndexSize=142
[2022.12.06-02.40.31:844][  0]LogShaderLibrary: Display: ShaderCodeLibraryPakFileMountedCallback: PakFile 'C:/Program Files/Epic Games/UE_4.27/FeaturePacks/TP_FlyingBP.upack' (chunk index -1, root 'root:/') mounted
[2022.12.06-02.40.31:844][  0]LogShaderLibrary: Display: ShaderCodeLibraryPakFileMountedCallback: pending pak file info (ChunkID:-1 Root:root:/ File:C:/Program Files/Epic Games/UE_4.27/FeaturePacks/TP_FlyingBP.upack)
[2022.12.06-02.40.31:844][  0]LogPakFile: OnPakFileMounted2Time == 0.000029
[2022.12.06-02.40.31:845][  0]LogPakFile: PakFile PrimaryIndexSize=188
[2022.12.06-02.40.31:845][  0]LogPakFile: PakFile PathHashIndexSize=101
[2022.12.06-02.40.31:845][  0]LogPakFile: PakFile FullDirectoryIndexSize=150
[2022.12.06-02.40.31:845][  0]LogShaderLibrary: Display: ShaderCodeLibraryPakFileMountedCallback: PakFile 'C:/Program Files/Epic Games/UE_4.27/FeaturePacks/TP_HandheldARBP.upack' (chunk index -1, root 'root:/') mounted
[2022.12.06-02.40.31:845][  0]LogShaderLibrary: Display: ShaderCodeLibraryPakFileMountedCallback: pending pak file info (ChunkID:-1 Root:root:/ File:C:/Program Files/Epic Games/UE_4.27/FeaturePacks/TP_HandheldARBP.upack)
[2022.12.06-02.40.31:845][  0]LogPakFile: OnPakFileMounted2Time == 0.000050
[2022.12.06-02.40.31:846][  0]LogPakFile: PakFile PrimaryIndexSize=182
[2022.12.06-02.40.31:846][  0]LogPakFile: PakFile PathHashIndexSize=101
[2022.12.06-02.40.31:846][  0]LogPakFile: PakFile FullDirectoryIndexSize=138
[2022.12.06-02.40.31:846][  0]LogShaderLibrary: Display: ShaderCodeLibraryPakFileMountedCallback: PakFile 'C:/Program Files/Epic Games/UE_4.27/FeaturePacks/TP_Puzzle.upack' (chunk index -1, root 'root:/') mounted
[2022.12.06-02.40.31:846][  0]LogShaderLibrary: Display: ShaderCodeLibraryPakFileMountedCallback: pending pak file info (ChunkID:-1 Root:root:/ File:C:/Program Files/Epic Games/UE_4.27/FeaturePacks/TP_Puzzle.upack)
[2022.12.06-02.40.31:846][  0]LogPakFile: OnPakFileMounted2Time == 0.000030
[2022.12.06-02.40.31:846][  0]LogPakFile: PakFile PrimaryIndexSize=184
[2022.12.06-02.40.31:846][  0]LogPakFile: PakFile PathHashIndexSize=101
[2022.12.06-02.40.31:846][  0]LogPakFile: PakFile FullDirectoryIndexSize=142
[2022.12.06-02.40.31:846][  0]LogShaderLibrary: Display: ShaderCodeLibraryPakFileMountedCallback: PakFile 'C:/Program Files/Epic Games/UE_4.27/FeaturePacks/TP_PuzzleBP.upack' (chunk index -1, root 'root:/') mounted
[2022.12.06-02.40.31:847][  0]LogShaderLibrary: Display: ShaderCodeLibraryPakFileMountedCallback: pending pak file info (ChunkID:-1 Root:root:/ File:C:/Program Files/Epic Games/UE_4.27/FeaturePacks/TP_PuzzleBP.upack)
[2022.12.06-02.40.31:847][  0]LogPakFile: OnPakFileMounted2Time == 0.000035
[2022.12.06-02.40.31:847][  0]LogPakFile: PakFile PrimaryIndexSize=183
[2022.12.06-02.40.31:847][  0]LogPakFile: PakFile PathHashIndexSize=101
[2022.12.06-02.40.31:847][  0]LogPakFile: PakFile FullDirectoryIndexSize=140
[2022.12.06-02.40.31:847][  0]LogShaderLibrary: Display: ShaderCodeLibraryPakFileMountedCallback: PakFile 'C:/Program Files/Epic Games/UE_4.27/FeaturePacks/TP_Rolling.upack' (chunk index -1, root 'root:/') mounted
[2022.12.06-02.40.31:847][  0]LogShaderLibrary: Display: ShaderCodeLibraryPakFileMountedCallback: pending pak file info (ChunkID:-1 Root:root:/ File:C:/Program Files/Epic Games/UE_4.27/FeaturePacks/TP_Rolling.upack)
[2022.12.06-02.40.31:847][  0]LogPakFile: OnPakFileMounted2Time == 0.000031
[2022.12.06-02.40.31:847][  0]LogPakFile: PakFile PrimaryIndexSize=185
[2022.12.06-02.40.31:848][  0]LogPakFile: PakFile PathHashIndexSize=101
[2022.12.06-02.40.31:848][  0]LogPakFile: PakFile FullDirectoryIndexSize=144
[2022.12.06-02.40.31:848][  0]LogShaderLibrary: Display: ShaderCodeLibraryPakFileMountedCallback: PakFile 'C:/Program Files/Epic Games/UE_4.27/FeaturePacks/TP_RollingBP.upack' (chunk index -1, root 'root:/') mounted
[2022.12.06-02.40.31:848][  0]LogShaderLibrary: Display: ShaderCodeLibraryPakFileMountedCallback: pending pak file info (ChunkID:-1 Root:root:/ File:C:/Program Files/Epic Games/UE_4.27/FeaturePacks/TP_RollingBP.upack)
[2022.12.06-02.40.31:848][  0]LogPakFile: OnPakFileMounted2Time == 0.000032
[2022.12.06-02.40.31:848][  0]LogPakFile: PakFile PrimaryIndexSize=188
[2022.12.06-02.40.31:848][  0]LogPakFile: PakFile PathHashIndexSize=101
[2022.12.06-02.40.31:848][  0]LogPakFile: PakFile FullDirectoryIndexSize=150
[2022.12.06-02.40.31:848][  0]LogShaderLibrary: Display: ShaderCodeLibraryPakFileMountedCallback: PakFile 'C:/Program Files/Epic Games/UE_4.27/FeaturePacks/TP_SideScroller.upack' (chunk index -1, root 'root:/') mounted
[2022.12.06-02.40.31:848][  0]LogShaderLibrary: Display: ShaderCodeLibraryPakFileMountedCallback: pending pak file info (ChunkID:-1 Root:root:/ File:C:/Program Files/Epic Games/UE_4.27/FeaturePacks/TP_SideScroller.upack)
[2022.12.06-02.40.31:848][  0]LogPakFile: OnPakFileMounted2Time == 0.000029
[2022.12.06-02.40.31:849][  0]LogPakFile: PakFile PrimaryIndexSize=190
[2022.12.06-02.40.31:849][  0]LogPakFile: PakFile PathHashIndexSize=101
[2022.12.06-02.40.31:849][  0]LogPakFile: PakFile FullDirectoryIndexSize=154
[2022.12.06-02.40.31:849][  0]LogShaderLibrary: Display: ShaderCodeLibraryPakFileMountedCallback: PakFile 'C:/Program Files/Epic Games/UE_4.27/FeaturePacks/TP_SideScrollerBP.upack' (chunk index -1, root 'root:/') mounted
[2022.12.06-02.40.31:849][  0]LogShaderLibrary: Display: ShaderCodeLibraryPakFileMountedCallback: pending pak file info (ChunkID:-1 Root:root:/ File:C:/Program Files/Epic Games/UE_4.27/FeaturePacks/TP_SideScrollerBP.upack)
[2022.12.06-02.40.31:849][  0]LogPakFile: OnPakFileMounted2Time == 0.000029
[2022.12.06-02.40.31:849][  0]LogPakFile: PakFile PrimaryIndexSize=187
[2022.12.06-02.40.31:849][  0]LogPakFile: PakFile PathHashIndexSize=101
[2022.12.06-02.40.31:849][  0]LogPakFile: PakFile FullDirectoryIndexSize=148
[2022.12.06-02.40.31:849][  0]LogShaderLibrary: Display: ShaderCodeLibraryPakFileMountedCallback: PakFile 'C:/Program Files/Epic Games/UE_4.27/FeaturePacks/TP_ThirdPerson.upack' (chunk index -1, root 'root:/') mounted
[2022.12.06-02.40.31:849][  0]LogShaderLibrary: Display: ShaderCodeLibraryPakFileMountedCallback: pending pak file info (ChunkID:-1 Root:root:/ File:C:/Program Files/Epic Games/UE_4.27/FeaturePacks/TP_ThirdPerson.upack)
[2022.12.06-02.40.31:849][  0]LogPakFile: OnPakFileMounted2Time == 0.000029
[2022.12.06-02.40.31:850][  0]LogPakFile: PakFile PrimaryIndexSize=189
[2022.12.06-02.40.31:850][  0]LogPakFile: PakFile PathHashIndexSize=101
[2022.12.06-02.40.31:850][  0]LogPakFile: PakFile FullDirectoryIndexSize=152
[2022.12.06-02.40.31:850][  0]LogShaderLibrary: Display: ShaderCodeLibraryPakFileMountedCallback: PakFile 'C:/Program Files/Epic Games/UE_4.27/FeaturePacks/TP_ThirdPersonBP.upack' (chunk index -1, root 'root:/') mounted
[2022.12.06-02.40.31:850][  0]LogShaderLibrary: Display: ShaderCodeLibraryPakFileMountedCallback: pending pak file info (ChunkID:-1 Root:root:/ File:C:/Program Files/Epic Games/UE_4.27/FeaturePacks/TP_ThirdPersonBP.upack)
[2022.12.06-02.40.31:850][  0]LogPakFile: OnPakFileMounted2Time == 0.000029
[2022.12.06-02.40.31:850][  0]LogPakFile: PakFile PrimaryIndexSize=183
[2022.12.06-02.40.31:850][  0]LogPakFile: PakFile PathHashIndexSize=101
[2022.12.06-02.40.31:850][  0]LogPakFile: PakFile FullDirectoryIndexSize=140
[2022.12.06-02.40.31:850][  0]LogShaderLibrary: Display: ShaderCodeLibraryPakFileMountedCallback: PakFile 'C:/Program Files/Epic Games/UE_4.27/FeaturePacks/TP_TopDown.upack' (chunk index -1, root 'root:/') mounted
[2022.12.06-02.40.31:850][  0]LogShaderLibrary: Display: ShaderCodeLibraryPakFileMountedCallback: pending pak file info (ChunkID:-1 Root:root:/ File:C:/Program Files/Epic Games/UE_4.27/FeaturePacks/TP_TopDown.upack)
[2022.12.06-02.40.31:850][  0]LogPakFile: OnPakFileMounted2Time == 0.000041
[2022.12.06-02.40.31:851][  0]LogPakFile: PakFile PrimaryIndexSize=185
[2022.12.06-02.40.31:851][  0]LogPakFile: PakFile PathHashIndexSize=101
[2022.12.06-02.40.31:851][  0]LogPakFile: PakFile FullDirectoryIndexSize=144
[2022.12.06-02.40.31:851][  0]LogShaderLibrary: Display: ShaderCodeLibraryPakFileMountedCallback: PakFile 'C:/Program Files/Epic Games/UE_4.27/FeaturePacks/TP_TopDownBP.upack' (chunk index -1, root 'root:/') mounted
[2022.12.06-02.40.31:851][  0]LogShaderLibrary: Display: ShaderCodeLibraryPakFileMountedCallback: pending pak file info (ChunkID:-1 Root:root:/ File:C:/Program Files/Epic Games/UE_4.27/FeaturePacks/TP_TopDownBP.upack)
[2022.12.06-02.40.31:851][  0]LogPakFile: OnPakFileMounted2Time == 0.000029
[2022.12.06-02.40.31:851][  0]LogPakFile: PakFile PrimaryIndexSize=185
[2022.12.06-02.40.31:851][  0]LogPakFile: PakFile PathHashIndexSize=101
[2022.12.06-02.40.31:851][  0]LogPakFile: PakFile FullDirectoryIndexSize=144
[2022.12.06-02.40.31:851][  0]LogShaderLibrary: Display: ShaderCodeLibraryPakFileMountedCallback: PakFile 'C:/Program Files/Epic Games/UE_4.27/FeaturePacks/TP_TwinStick.upack' (chunk index -1, root 'root:/') mounted
[2022.12.06-02.40.31:851][  0]LogShaderLibrary: Display: ShaderCodeLibraryPakFileMountedCallback: pending pak file info (ChunkID:-1 Root:root:/ File:C:/Program Files/Epic Games/UE_4.27/FeaturePacks/TP_TwinStick.upack)
[2022.12.06-02.40.31:851][  0]LogPakFile: OnPakFileMounted2Time == 0.000029
[2022.12.06-02.40.31:852][  0]LogPakFile: PakFile PrimaryIndexSize=187
[2022.12.06-02.40.31:852][  0]LogPakFile: PakFile PathHashIndexSize=101
[2022.12.06-02.40.31:852][  0]LogPakFile: PakFile FullDirectoryIndexSize=148
[2022.12.06-02.40.31:852][  0]LogShaderLibrary: Display: ShaderCodeLibraryPakFileMountedCallback: PakFile 'C:/Program Files/Epic Games/UE_4.27/FeaturePacks/TP_TwinStickBP.upack' (chunk index -1, root 'root:/') mounted
[2022.12.06-02.40.31:852][  0]LogShaderLibrary: Display: ShaderCodeLibraryPakFileMountedCallback: pending pak file info (ChunkID:-1 Root:root:/ File:C:/Program Files/Epic Games/UE_4.27/FeaturePacks/TP_TwinStickBP.upack)
[2022.12.06-02.40.31:852][  0]LogPakFile: OnPakFileMounted2Time == 0.000029
[2022.12.06-02.40.31:852][  0]LogPakFile: PakFile PrimaryIndexSize=183
[2022.12.06-02.40.31:852][  0]LogPakFile: PakFile PathHashIndexSize=101
[2022.12.06-02.40.31:852][  0]LogPakFile: PakFile FullDirectoryIndexSize=140
[2022.12.06-02.40.31:852][  0]LogShaderLibrary: Display: ShaderCodeLibraryPakFileMountedCallback: PakFile 'C:/Program Files/Epic Games/UE_4.27/FeaturePacks/TP_Vehicle.upack' (chunk index -1, root 'root:/') mounted
[2022.12.06-02.40.31:852][  0]LogShaderLibrary: Display: ShaderCodeLibraryPakFileMountedCallback: pending pak file info (ChunkID:-1 Root:root:/ File:C:/Program Files/Epic Games/UE_4.27/FeaturePacks/TP_Vehicle.upack)
[2022.12.06-02.40.31:852][  0]LogPakFile: OnPakFileMounted2Time == 0.000030
[2022.12.06-02.40.31:853][  0]LogPakFile: PakFile PrimaryIndexSize=186
[2022.12.06-02.40.31:853][  0]LogPakFile: PakFile PathHashIndexSize=101
[2022.12.06-02.40.31:853][  0]LogPakFile: PakFile FullDirectoryIndexSize=146
[2022.12.06-02.40.31:853][  0]LogShaderLibrary: Display: ShaderCodeLibraryPakFileMountedCallback: PakFile 'C:/Program Files/Epic Games/UE_4.27/FeaturePacks/TP_VehicleAdv.upack' (chunk index -1, root 'root:/') mounted
[2022.12.06-02.40.31:853][  0]LogShaderLibrary: Display: ShaderCodeLibraryPakFileMountedCallback: pending pak file info (ChunkID:-1 Root:root:/ File:C:/Program Files/Epic Games/UE_4.27/FeaturePacks/TP_VehicleAdv.upack)
[2022.12.06-02.40.31:853][  0]LogPakFile: OnPakFileMounted2Time == 0.000030
[2022.12.06-02.40.31:853][  0]LogPakFile: PakFile PrimaryIndexSize=188
[2022.12.06-02.40.31:853][  0]LogPakFile: PakFile PathHashIndexSize=101
[2022.12.06-02.40.31:853][  0]LogPakFile: PakFile FullDirectoryIndexSize=150
[2022.12.06-02.40.31:853][  0]LogShaderLibrary: Display: ShaderCodeLibraryPakFileMountedCallback: PakFile 'C:/Program Files/Epic Games/UE_4.27/FeaturePacks/TP_VehicleAdvBP.upack' (chunk index -1, root 'root:/') mounted
[2022.12.06-02.40.31:853][  0]LogShaderLibrary: Display: ShaderCodeLibraryPakFileMountedCallback: pending pak file info (ChunkID:-1 Root:root:/ File:C:/Program Files/Epic Games/UE_4.27/FeaturePacks/TP_VehicleAdvBP.upack)
[2022.12.06-02.40.31:853][  0]LogPakFile: OnPakFileMounted2Time == 0.000032
[2022.12.06-02.40.31:854][  0]LogPakFile: PakFile PrimaryIndexSize=185
[2022.12.06-02.40.31:854][  0]LogPakFile: PakFile PathHashIndexSize=101
[2022.12.06-02.40.31:854][  0]LogPakFile: PakFile FullDirectoryIndexSize=144
[2022.12.06-02.40.31:854][  0]LogShaderLibrary: Display: ShaderCodeLibraryPakFileMountedCallback: PakFile 'C:/Program Files/Epic Games/UE_4.27/FeaturePacks/TP_VehicleBP.upack' (chunk index -1, root 'root:/') mounted
[2022.12.06-02.40.31:854][  0]LogShaderLibrary: Display: ShaderCodeLibraryPakFileMountedCallback: pending pak file info (ChunkID:-1 Root:root:/ File:C:/Program Files/Epic Games/UE_4.27/FeaturePacks/TP_VehicleBP.upack)
[2022.12.06-02.40.31:854][  0]LogPakFile: OnPakFileMounted2Time == 0.000029
[2022.12.06-02.40.31:854][  0]LogPakFile: PakFile PrimaryIndexSize=192
[2022.12.06-02.40.31:854][  0]LogPakFile: PakFile PathHashIndexSize=101
[2022.12.06-02.40.31:854][  0]LogPakFile: PakFile FullDirectoryIndexSize=158
[2022.12.06-02.40.31:854][  0]LogShaderLibrary: Display: ShaderCodeLibraryPakFileMountedCallback: PakFile 'C:/Program Files/Epic Games/UE_4.27/FeaturePacks/TP_VirtualRealityBP.upack' (chunk index -1, root 'root:/') mounted
[2022.12.06-02.40.31:854][  0]LogShaderLibrary: Display: ShaderCodeLibraryPakFileMountedCallback: pending pak file info (ChunkID:-1 Root:root:/ File:C:/Program Files/Epic Games/UE_4.27/FeaturePacks/TP_VirtualRealityBP.upack)
[2022.12.06-02.40.31:854][  0]LogPakFile: OnPakFileMounted2Time == 0.000030
[2022.12.06-02.40.31:898][  0]LogNativeClassHierarchy: Verbose: Native class hierarchy updated for 'AddContentDialog' in 0.0002 seconds. Added 0 classes and 0 folders.
[2022.12.06-02.40.31:899][  0]LogNativeClassHierarchy: Verbose: Native class hierarchy updated for 'SceneOutliner' in 0.0002 seconds. Added 2 classes and 0 folders.
[2022.12.06-02.40.32:013][  0]LogSlate: Took 0.000121 seconds to synchronously load lazily loaded font '../../../Engine/Content/Slate/Fonts/Roboto-Regular.ttf' (155K)
[2022.12.06-02.40.32:014][  0]LogSlate: Took 0.000116 seconds to synchronously load lazily loaded font '../../../Engine/Content/Editor/Slate/Fonts/FontAwesome.ttf' (139K)
[2022.12.06-02.40.32:014][  0]LogSlate: Took 0.000097 seconds to synchronously load lazily loaded font '../../../Engine/Content/Slate/Fonts/Roboto-Bold.ttf' (160K)
[2022.12.06-02.40.32:093][  0]LogRenderer: Reallocating scene render targets to support 1296x520 Format 10 NumSamples 1 (Frame:1).
[2022.12.06-02.40.32:213][  0]LogNativeClassHierarchy: Verbose: Native class hierarchy updated for 'HierarchicalLODOutliner' in 0.0002 seconds. Added 0 classes and 0 folders.
[2022.12.06-02.40.32:213][  0]LogLoad: (Engine Initialization) Total time: 7.26 seconds
[2022.12.06-02.40.32:213][  0]LogLoad: (Engine Initialization) Total Blueprint compile time: 0.00 seconds
[2022.12.06-02.40.32:269][  0]LogAssetRegistry: Asset discovery search completed in 4.4866 seconds
[2022.12.06-02.40.32:276][  0]LogCollectionManager: Fixed up redirectors for 0 collections in 0.000003 seconds (updated 0 objects)
[2022.12.06-02.40.32:283][  0]LogContentStreaming: Texture pool size now 1000 MB
[2022.12.06-02.40.32:331][  1]LogRenderer: Reallocating scene render targets to support 1296x536 Format 10 NumSamples 1 (Frame:3).
[2022.12.06-02.40.32:364][  2]LogSlate: Took 0.000299 seconds to synchronously load lazily loaded font '../../../Engine/Content/Slate/Fonts/Roboto-Light.ttf' (167K)
[2022.12.06-02.40.33:246][ 78]LogSlate: Took 0.000305 seconds to synchronously load lazily loaded font '../../../Engine/Content/Slate/Fonts/Roboto-Light.ttf' (167K)
[2022.12.06-02.40.35:427][282]LogSlate: Window 'Plugins' being destroyed
[2022.12.06-02.40.35:431][282]LogSlate: Window 'Plugins' being destroyed
[2022.12.06-02.40.35:431][282]LogDirectoryWatcher: A directory notification for '../../../Engine/Plugins/' was aborted.
[2022.12.06-02.40.36:688][410]LogUObjectHash: Compacting FUObjectHashTables data took   0.63ms
[2022.12.06-02.40.36:750][410]LogSavePackage: Moving '../../../../../../Users/venat/OneDrive/Documents/GITHUB CLONE REPO/igm/igm/Saved/FirstPersonExampleMap338D596E4C04D0E0A079E0A8B711F995.tmp' to '../../../../../../Users/venat/OneDrive/Documents/GITHUB CLONE REPO/igm/igm/Content/FirstPersonBP/Maps/FirstPersonExampleMap.umap'
[2022.12.06-02.40.38:070][410]LogSavePackage: Moving '../../../../../../Users/venat/OneDrive/Documents/GITHUB CLONE REPO/igm/igm/Saved/FirstPersonExampleMap_BuiltData6A54B0914F1F116FD4CE6B81C233A8EE.tmp' to '../../../../../../Users/venat/OneDrive/Documents/GITHUB CLONE REPO/igm/igm/Content/FirstPersonBP/Maps/FirstPersonExampleMap_BuiltData.uasset'
[2022.12.06-02.40.38:082][410]AssetCheck: New page: Asset Save: multiple assets
[2022.12.06-02.40.38:082][410]LogContentValidation: Display: Validating MapBuildDataRegistry /Game/FirstPersonBP/Maps/FirstPersonExampleMap_BuiltData.FirstPersonExampleMap_BuiltData
[2022.12.06-02.40.38:082][410]LogContentValidation: Display: Validating World /Game/FirstPersonBP/Maps/FirstPersonExampleMap.FirstPersonExampleMap
